{"/home/travis/build/npmtest/node-npmtest-node-workflow/test.js":{"path":"/home/travis/build/npmtest/node-npmtest-node-workflow/test.js","s":{"1":2,"2":2,"3":2,"4":2,"5":2,"6":2,"7":2,"8":1,"9":2,"10":2,"11":1,"12":1,"13":1,"14":1,"15":2,"16":2,"17":2,"18":2,"19":1,"20":1,"21":2,"22":2,"23":2,"24":1,"25":1,"26":1,"27":1,"28":1,"29":1,"30":1,"31":1,"32":1,"33":1,"34":1,"35":1,"36":1,"37":1,"38":1,"39":2,"40":2,"41":1,"42":2,"43":2,"44":1,"45":2,"46":2,"47":1,"48":2,"49":2,"50":1,"51":1,"52":1,"53":1,"54":1},"b":{"1":[2,1,1,1],"2":[1,1,1,1],"3":[1,1],"4":[1,1],"5":[1,1],"6":[1,1],"7":[1,1],"8":[1,1],"9":[1,1],"10":[1,1,1],"11":[1,1],"12":[1,1],"13":[1,1],"14":[1,1],"15":[1,1],"16":[1,1],"17":[1,1]},"f":{"1":2,"2":2,"3":2,"4":2,"5":2,"6":1,"7":1,"8":1,"9":2,"10":2,"11":2,"12":2,"13":1},"fnMap":{"1":{"name":"(anonymous_1)","line":12,"loc":{"start":{"line":12,"column":1},"end":{"line":12,"column":13}}},"2":{"name":"(anonymous_2)","line":19,"loc":{"start":{"line":19,"column":5},"end":{"line":19,"column":17}}},"3":{"name":"(anonymous_3)","line":23,"loc":{"start":{"line":23,"column":24},"end":{"line":23,"column":36}}},"4":{"name":"(anonymous_4)","line":61,"loc":{"start":{"line":61,"column":5},"end":{"line":61,"column":17}}},"5":{"name":"(anonymous_5)","line":82,"loc":{"start":{"line":82,"column":5},"end":{"line":82,"column":17}}},"6":{"name":"(anonymous_6)","line":91,"loc":{"start":{"line":91,"column":77},"end":{"line":94,"column":10}}},"7":{"name":"(anonymous_7)","line":112,"loc":{"start":{"line":112,"column":83},"end":{"line":115,"column":10}},"skip":true},"8":{"name":"(anonymous_8)","line":123,"loc":{"start":{"line":123,"column":77},"end":{"line":126,"column":10}},"skip":true},"9":{"name":"(anonymous_9)","line":139,"loc":{"start":{"line":139,"column":12},"end":{"line":139,"column":40}},"skip":true},"10":{"name":"(anonymous_10)","line":147,"loc":{"start":{"line":147,"column":77},"end":{"line":150,"column":10}},"skip":true},"11":{"name":"(anonymous_11)","line":158,"loc":{"start":{"line":158,"column":83},"end":{"line":161,"column":10}},"skip":true},"12":{"name":"(anonymous_12)","line":169,"loc":{"start":{"line":169,"column":79},"end":{"line":172,"column":10}},"skip":true},"13":{"name":"(anonymous_13)","line":180,"loc":{"start":{"line":180,"column":75},"end":{"line":183,"column":10}},"skip":true}},"statementMap":{"1":{"start":{"line":12,"column":0},"end":{"line":195,"column":5}},"2":{"start":{"line":14,"column":4},"end":{"line":14,"column":14}},"3":{"start":{"line":19,"column":4},"end":{"line":56,"column":9}},"4":{"start":{"line":21,"column":8},"end":{"line":21,"column":19}},"5":{"start":{"line":23,"column":8},"end":{"line":35,"column":13}},"6":{"start":{"line":24,"column":12},"end":{"line":34,"column":13}},"7":{"start":{"line":25,"column":16},"end":{"line":28,"column":30}},"8":{"start":{"line":30,"column":16},"end":{"line":33,"column":27}},"9":{"start":{"line":37,"column":8},"end":{"line":39,"column":21}},"10":{"start":{"line":40,"column":8},"end":{"line":53,"column":9}},"11":{"start":{"line":43,"column":12},"end":{"line":46,"column":14}},"12":{"start":{"line":47,"column":12},"end":{"line":47,"column":18}},"13":{"start":{"line":50,"column":12},"end":{"line":51,"column":33}},"14":{"start":{"line":52,"column":12},"end":{"line":52,"column":18}},"15":{"start":{"line":55,"column":8},"end":{"line":55,"column":35}},"16":{"start":{"line":61,"column":4},"end":{"line":63,"column":9}},"17":{"start":{"line":62,"column":8},"end":{"line":62,"column":15}},"18":{"start":{"line":64,"column":4},"end":{"line":77,"column":5}},"19":{"start":{"line":70,"column":8},"end":{"line":70,"column":14}},"20":{"start":{"line":76,"column":8},"end":{"line":76,"column":14}},"21":{"start":{"line":82,"column":4},"end":{"line":84,"column":9}},"22":{"start":{"line":83,"column":8},"end":{"line":83,"column":15}},"23":{"start":{"line":85,"column":4},"end":{"line":194,"column":5}},"24":{"start":{"line":91,"column":8},"end":{"line":99,"column":10}},"25":{"start":{"line":98,"column":12},"end":{"line":98,"column":35}},"26":{"start":{"line":102,"column":8},"end":{"line":104,"column":63}},"27":{"start":{"line":105,"column":8},"end":{"line":105,"column":14}},"28":{"start":{"line":112,"column":8},"end":{"line":121,"column":10},"skip":true},"29":{"start":{"line":119,"column":12},"end":{"line":119,"column":55},"skip":true},"30":{"start":{"line":120,"column":12},"end":{"line":120,"column":48},"skip":true},"31":{"start":{"line":123,"column":8},"end":{"line":136,"column":10},"skip":true},"32":{"start":{"line":130,"column":12},"end":{"line":130,"column":76},"skip":true},"33":{"start":{"line":131,"column":12},"end":{"line":131,"column":73},"skip":true},"34":{"start":{"line":132,"column":12},"end":{"line":132,"column":74},"skip":true},"35":{"start":{"line":133,"column":12},"end":{"line":133,"column":79},"skip":true},"36":{"start":{"line":134,"column":12},"end":{"line":134,"column":25},"skip":true},"37":{"start":{"line":135,"column":12},"end":{"line":135,"column":45},"skip":true},"38":{"start":{"line":138,"column":8},"end":{"line":145,"column":14},"skip":true},"39":{"start":{"line":143,"column":16},"end":{"line":143,"column":29},"skip":true},"40":{"start":{"line":144,"column":16},"end":{"line":144,"column":55},"skip":true},"41":{"start":{"line":147,"column":8},"end":{"line":156,"column":10},"skip":true},"42":{"start":{"line":154,"column":12},"end":{"line":154,"column":25},"skip":true},"43":{"start":{"line":155,"column":12},"end":{"line":155,"column":45},"skip":true},"44":{"start":{"line":158,"column":8},"end":{"line":167,"column":10},"skip":true},"45":{"start":{"line":165,"column":12},"end":{"line":165,"column":25},"skip":true},"46":{"start":{"line":166,"column":12},"end":{"line":166,"column":48},"skip":true},"47":{"start":{"line":169,"column":8},"end":{"line":178,"column":10},"skip":true},"48":{"start":{"line":176,"column":12},"end":{"line":176,"column":25},"skip":true},"49":{"start":{"line":177,"column":12},"end":{"line":177,"column":46},"skip":true},"50":{"start":{"line":180,"column":8},"end":{"line":189,"column":10},"skip":true},"51":{"start":{"line":187,"column":12},"end":{"line":187,"column":94},"skip":true},"52":{"start":{"line":188,"column":12},"end":{"line":188,"column":48},"skip":true},"53":{"start":{"line":192,"column":8},"end":{"line":192,"column":35},"skip":true},"54":{"start":{"line":193,"column":8},"end":{"line":193,"column":14},"skip":true}},"branchMap":{"1":{"line":25,"type":"binary-expr","locations":[{"start":{"line":25,"column":23},"end":{"line":25,"column":62}},{"start":{"line":26,"column":20},"end":{"line":26,"column":70}},{"start":{"line":27,"column":20},"end":{"line":27,"column":71}},{"start":{"line":28,"column":20},"end":{"line":28,"column":29}}]},"2":{"line":30,"type":"binary-expr","locations":[{"start":{"line":30,"column":23},"end":{"line":30,"column":37}},{"start":{"line":31,"column":20},"end":{"line":31,"column":61}},{"start":{"line":32,"column":20},"end":{"line":32,"column":70}},{"start":{"line":33,"column":20},"end":{"line":33,"column":26}}]},"3":{"line":37,"type":"cond-expr","locations":[{"start":{"line":38,"column":14},"end":{"line":38,"column":20}},{"start":{"line":39,"column":14},"end":{"line":39,"column":20}}]},"4":{"line":40,"type":"switch","locations":[{"start":{"line":42,"column":8},"end":{"line":47,"column":18}},{"start":{"line":49,"column":8},"end":{"line":52,"column":18}}]},"5":{"line":44,"type":"binary-expr","locations":[{"start":{"line":44,"column":16},"end":{"line":44,"column":44}},{"start":{"line":44,"column":48},"end":{"line":44,"column":66}}]},"6":{"line":50,"type":"binary-expr","locations":[{"start":{"line":50,"column":21},"end":{"line":50,"column":49}},{"start":{"line":50,"column":53},"end":{"line":50,"column":72}}]},"7":{"line":64,"type":"switch","locations":[{"start":{"line":69,"column":4},"end":{"line":70,"column":14}},{"start":{"line":75,"column":4},"end":{"line":76,"column":14}}]},"8":{"line":85,"type":"switch","locations":[{"start":{"line":90,"column":4},"end":{"line":105,"column":14}},{"start":{"line":111,"column":4},"end":{"line":193,"column":14},"skip":true}]},"9":{"line":91,"type":"binary-expr","locations":[{"start":{"line":91,"column":42},"end":{"line":91,"column":73}},{"start":{"line":91,"column":77},"end":{"line":99,"column":9}}]},"10":{"line":102,"type":"binary-expr","locations":[{"start":{"line":102,"column":18},"end":{"line":102,"column":32}},{"start":{"line":103,"column":12},"end":{"line":103,"column":53}},{"start":{"line":104,"column":12},"end":{"line":104,"column":61}}]},"11":{"line":112,"type":"binary-expr","locations":[{"start":{"line":112,"column":45},"end":{"line":112,"column":79},"skip":true},{"start":{"line":112,"column":83},"end":{"line":121,"column":9},"skip":true}]},"12":{"line":123,"type":"binary-expr","locations":[{"start":{"line":123,"column":42},"end":{"line":123,"column":73},"skip":true},{"start":{"line":123,"column":77},"end":{"line":136,"column":9},"skip":true}]},"13":{"line":138,"type":"binary-expr","locations":[{"start":{"line":138,"column":48},"end":{"line":138,"column":85},"skip":true},{"start":{"line":139,"column":12},"end":{"line":145,"column":13},"skip":true}]},"14":{"line":147,"type":"binary-expr","locations":[{"start":{"line":147,"column":42},"end":{"line":147,"column":73},"skip":true},{"start":{"line":147,"column":77},"end":{"line":156,"column":9},"skip":true}]},"15":{"line":158,"type":"binary-expr","locations":[{"start":{"line":158,"column":45},"end":{"line":158,"column":79},"skip":true},{"start":{"line":158,"column":83},"end":{"line":167,"column":9},"skip":true}]},"16":{"line":169,"type":"binary-expr","locations":[{"start":{"line":169,"column":43},"end":{"line":169,"column":75},"skip":true},{"start":{"line":169,"column":79},"end":{"line":178,"column":9},"skip":true}]},"17":{"line":180,"type":"binary-expr","locations":[{"start":{"line":180,"column":41},"end":{"line":180,"column":71},"skip":true},{"start":{"line":180,"column":75},"end":{"line":189,"column":9},"skip":true}]}},"code":["/* istanbul instrument in package npmtest_node_workflow */","/*jslint","    bitwise: true,","    browser: true,","    maxerr: 8,","    maxlen: 96,","    node: true,","    nomen: true,","    regexp: true,","    stupid: true","*/","(function () {","    'use strict';","    var local;","","","","    // run shared js-env code - pre-init","    (function () {","        // init local","        local = {};","        // init modeJs","        local.modeJs = (function () {","            try {","                return typeof navigator.userAgent === 'string' &&","                    typeof document.querySelector('body') === 'object' &&","                    typeof XMLHttpRequest.prototype.open === 'function' &&","                    'browser';","            } catch (errorCaughtBrowser) {","                return module.exports &&","                    typeof process.versions.node === 'string' &&","                    typeof require('http').createServer === 'function' &&","                    'node';","            }","        }());","        // init global","        local.global = local.modeJs === 'browser'","            ? window","            : global;","        switch (local.modeJs) {","        // re-init local from window.local","        case 'browser':","            local = local.global.utility2.objectSetDefault(","                local.global.utility2_rollup || local.global.local,","                local.global.utility2","            );","            break;","        // re-init local from example.js","        case 'node':","            local = (local.global.utility2_rollup || require('utility2'))","                .requireReadme();","            break;","        }","        // export local","        local.global.local = local;","    }());","","","","    // run shared js-env code - function","    (function () {","        return;","    }());","    switch (local.modeJs) {","","","","    // run browser js-env code - function","    case 'browser':","        break;","","","","    // run node js-env code - function","    case 'node':","        break;","    }","","","","    // run shared js-env code - post-init","    (function () {","        return;","    }());","    switch (local.modeJs) {","","","","    // run browser js-env code - post-init","    case 'browser':","        local.testCase_browser_nullCase = local.testCase_browser_nullCase || function (","            options,","            onError","        ) {","        /*","         * this function will test browsers's null-case handling-behavior-behavior","         */","            onError(null, options);","        };","","        // run tests","        local.nop(local.modeTest &&","            document.querySelector('#testRunButton1') &&","            document.querySelector('#testRunButton1').click());","        break;","","","","    // run node js-env code - post-init","    /* istanbul ignore next */","    case 'node':","        local.testCase_buildApidoc_default = local.testCase_buildApidoc_default || function (","            options,","            onError","        ) {","        /*","         * this function will test buildApidoc's default handling-behavior-behavior","         */","            options = { modulePathList: module.paths };","            local.buildApidoc(options, onError);","        };","","        local.testCase_buildApp_default = local.testCase_buildApp_default || function (","            options,","            onError","        ) {","        /*","         * this function will test buildApp's default handling-behavior-behavior","         */","            local.testCase_buildReadme_default(options, local.onErrorThrow);","            local.testCase_buildLib_default(options, local.onErrorThrow);","            local.testCase_buildTest_default(options, local.onErrorThrow);","            local.testCase_buildCustomOrg_default(options, local.onErrorThrow);","            options = [];","            local.buildApp(options, onError);","        };","","        local.testCase_buildCustomOrg_default = local.testCase_buildCustomOrg_default ||","            function (options, onError) {","            /*","             * this function will test buildCustomOrg's default handling-behavior","             */","                options = {};","                local.buildCustomOrg(options, onError);","            };","","        local.testCase_buildLib_default = local.testCase_buildLib_default || function (","            options,","            onError","        ) {","        /*","         * this function will test buildLib's default handling-behavior","         */","            options = {};","            local.buildLib(options, onError);","        };","","        local.testCase_buildReadme_default = local.testCase_buildReadme_default || function (","            options,","            onError","        ) {","        /*","         * this function will test buildReadme's default handling-behavior-behavior","         */","            options = {};","            local.buildReadme(options, onError);","        };","","        local.testCase_buildTest_default = local.testCase_buildTest_default || function (","            options,","            onError","        ) {","        /*","         * this function will test buildTest's default handling-behavior","         */","            options = {};","            local.buildTest(options, onError);","        };","","        local.testCase_webpage_default = local.testCase_webpage_default || function (","            options,","            onError","        ) {","        /*","         * this function will test webpage's default handling-behavior","         */","            options = { modeCoverageMerge: true, url: local.serverLocalHost + '?modeTest=1' };","            local.browserTest(options, onError);","        };","","        // run test-server","        local.testRunServer(local);","        break;","    }","}());",""],"l":{"12":2,"14":2,"19":2,"21":2,"23":2,"24":2,"25":2,"30":1,"37":2,"40":2,"43":1,"47":1,"50":1,"52":1,"55":2,"61":2,"62":2,"64":2,"70":1,"76":1,"82":2,"83":2,"85":2,"91":1,"98":1,"102":1,"105":1,"112":1,"119":1,"120":1,"123":1,"130":1,"131":1,"132":1,"133":1,"134":1,"135":1,"138":1,"143":2,"144":2,"147":1,"154":2,"155":2,"158":1,"165":2,"166":2,"169":1,"176":2,"177":2,"180":1,"187":1,"188":1,"192":1,"193":1}},"/home/travis/build/npmtest/node-npmtest-node-workflow/lib.npmtest_node_workflow.js":{"path":"/home/travis/build/npmtest/node-npmtest-node-workflow/lib.npmtest_node_workflow.js","s":{"1":2,"2":2,"3":2,"4":2,"5":2,"6":2,"7":2,"8":1,"9":2,"10":2,"11":2,"12":2,"13":1,"14":1,"15":1,"16":1},"b":{"1":[2,1,1,1],"2":[1,1,1,1],"3":[1,1],"4":[2,2],"5":[1,1]},"f":{"1":2,"2":2,"3":2},"fnMap":{"1":{"name":"(anonymous_1)","line":12,"loc":{"start":{"line":12,"column":1},"end":{"line":12,"column":13}}},"2":{"name":"(anonymous_2)","line":19,"loc":{"start":{"line":19,"column":5},"end":{"line":19,"column":17}}},"3":{"name":"(anonymous_3)","line":23,"loc":{"start":{"line":23,"column":24},"end":{"line":23,"column":36}}}},"statementMap":{"1":{"start":{"line":12,"column":0},"end":{"line":53,"column":5}},"2":{"start":{"line":14,"column":4},"end":{"line":14,"column":14}},"3":{"start":{"line":19,"column":4},"end":{"line":52,"column":9}},"4":{"start":{"line":21,"column":8},"end":{"line":21,"column":19}},"5":{"start":{"line":23,"column":8},"end":{"line":35,"column":13}},"6":{"start":{"line":24,"column":12},"end":{"line":34,"column":13}},"7":{"start":{"line":25,"column":16},"end":{"line":28,"column":30}},"8":{"start":{"line":30,"column":16},"end":{"line":33,"column":27}},"9":{"start":{"line":37,"column":8},"end":{"line":39,"column":21}},"10":{"start":{"line":41,"column":8},"end":{"line":41,"column":54}},"11":{"start":{"line":43,"column":8},"end":{"line":43,"column":58}},"12":{"start":{"line":45,"column":8},"end":{"line":51,"column":9}},"13":{"start":{"line":46,"column":12},"end":{"line":46,"column":64}},"14":{"start":{"line":48,"column":12},"end":{"line":48,"column":35}},"15":{"start":{"line":49,"column":12},"end":{"line":49,"column":49}},"16":{"start":{"line":50,"column":12},"end":{"line":50,"column":43}}},"branchMap":{"1":{"line":25,"type":"binary-expr","locations":[{"start":{"line":25,"column":23},"end":{"line":25,"column":62}},{"start":{"line":26,"column":20},"end":{"line":26,"column":70}},{"start":{"line":27,"column":20},"end":{"line":27,"column":71}},{"start":{"line":28,"column":20},"end":{"line":28,"column":29}}]},"2":{"line":30,"type":"binary-expr","locations":[{"start":{"line":30,"column":23},"end":{"line":30,"column":37}},{"start":{"line":31,"column":20},"end":{"line":31,"column":61}},{"start":{"line":32,"column":20},"end":{"line":32,"column":70}},{"start":{"line":33,"column":20},"end":{"line":33,"column":26}}]},"3":{"line":37,"type":"cond-expr","locations":[{"start":{"line":38,"column":14},"end":{"line":38,"column":20}},{"start":{"line":39,"column":14},"end":{"line":39,"column":20}}]},"4":{"line":41,"type":"binary-expr","locations":[{"start":{"line":41,"column":16},"end":{"line":41,"column":44}},{"start":{"line":41,"column":48},"end":{"line":41,"column":53}}]},"5":{"line":45,"type":"if","locations":[{"start":{"line":45,"column":8},"end":{"line":45,"column":8}},{"start":{"line":45,"column":8},"end":{"line":45,"column":8}}]}},"code":["/* istanbul instrument in package npmtest_node_workflow */","/*jslint","    bitwise: true,","    browser: true,","    maxerr: 8,","    maxlen: 96,","    node: true,","    nomen: true,","    regexp: true,","    stupid: true","*/","(function () {","    'use strict';","    var local;","","","","    // run shared js-env code - pre-init","    (function () {","        // init local","        local = {};","        // init modeJs","        local.modeJs = (function () {","            try {","                return typeof navigator.userAgent === 'string' &&","                    typeof document.querySelector('body') === 'object' &&","                    typeof XMLHttpRequest.prototype.open === 'function' &&","                    'browser';","            } catch (errorCaughtBrowser) {","                return module.exports &&","                    typeof process.versions.node === 'string' &&","                    typeof require('http').createServer === 'function' &&","                    'node';","            }","        }());","        // init global","        local.global = local.modeJs === 'browser'","            ? window","            : global;","        // init utility2_rollup","        local = local.global.utility2_rollup || local;","        // init lib","        local.local = local.npmtest_node_workflow = local;","        // init exports","        if (local.modeJs === 'browser') {","            local.global.utility2_npmtest_node_workflow = local;","        } else {","            module.exports = local;","            module.exports.__dirname = __dirname;","            module.exports.module = module;","        }","    }());","}());",""],"l":{"12":2,"14":2,"19":2,"21":2,"23":2,"24":2,"25":2,"30":1,"37":2,"41":2,"43":2,"45":2,"46":1,"48":1,"49":1,"50":1}},"/home/travis/build/npmtest/node-npmtest-node-workflow/example.js":{"path":"/home/travis/build/npmtest/node-npmtest-node-workflow/example.js","s":{"1":2,"2":2,"3":2,"4":2,"5":2,"6":2,"7":2,"8":1,"9":2,"10":2,"11":2,"12":2,"13":1,"14":2,"15":2,"16":2,"17":2,"18":2,"19":0,"20":2,"21":1,"22":1,"23":1,"24":1,"25":1,"26":0,"27":0,"28":1,"29":1,"30":2,"31":0,"32":0,"33":0,"34":1,"35":2,"36":2,"37":3,"38":3,"39":3,"40":3,"41":0,"42":3,"43":3,"44":3,"45":1,"46":3,"47":1,"48":1,"49":1,"50":1,"51":1,"52":1,"53":1,"54":1,"55":1,"56":1,"57":0,"58":1,"59":6,"60":6,"61":1,"62":2,"63":0,"64":2,"65":1,"66":1,"67":0,"68":0,"69":0,"70":0,"71":0,"72":0,"73":0,"74":0,"75":0,"76":0,"77":0,"78":0,"79":0,"80":0,"81":0,"82":0,"83":0},"b":{"1":[2,1,1,1],"2":[1,1,1,1],"3":[1,1],"4":[2,2],"5":[1,1],"6":[1,1],"7":[2,0],"8":[2,1,1,1,1,1],"9":[0,2,0],"10":[1,1],"11":[2,1,1],"12":[1,0],"13":[0,2],"14":[2,0,0,0,0,0,0],"15":[0,3],"16":[3,0],"17":[1,1],"18":[0,1],"19":[1,2,0,2],"20":[1,0],"21":[1,1],"22":[0,0],"23":[0,0],"24":[0,0],"25":[0,0],"26":[0,0],"27":[0,0],"28":[0,0]},"f":{"1":2,"2":2,"3":2,"4":2,"5":2,"6":2,"7":3,"8":3,"9":3,"10":1,"11":6,"12":0},"fnMap":{"1":{"name":"(anonymous_1)","line":26,"loc":{"start":{"line":26,"column":1},"end":{"line":26,"column":13}}},"2":{"name":"(anonymous_2)","line":33,"loc":{"start":{"line":33,"column":5},"end":{"line":33,"column":17}}},"3":{"name":"(anonymous_3)","line":37,"loc":{"start":{"line":37,"column":24},"end":{"line":37,"column":36}}},"4":{"name":"(anonymous_4)","line":69,"loc":{"start":{"line":69,"column":31},"end":{"line":69,"column":48}},"skip":true},"5":{"name":"(anonymous_5)","line":78,"loc":{"start":{"line":78,"column":26},"end":{"line":78,"column":45}},"skip":true},"6":{"name":"(anonymous_6)","line":123,"loc":{"start":{"line":123,"column":33},"end":{"line":123,"column":48}},"skip":true},"7":{"name":"(anonymous_7)","line":125,"loc":{"start":{"line":125,"column":27},"end":{"line":125,"column":39}},"skip":true},"8":{"name":"(anonymous_8)","line":133,"loc":{"start":{"line":133,"column":59},"end":{"line":133,"column":74}},"skip":true},"9":{"name":"(anonymous_9)","line":143,"loc":{"start":{"line":143,"column":45},"end":{"line":143,"column":62}},"skip":true},"10":{"name":"(anonymous_10)","line":144,"loc":{"start":{"line":144,"column":73},"end":{"line":144,"column":92}},"skip":true},"11":{"name":"(anonymous_11)","line":272,"loc":{"start":{"line":272,"column":51},"end":{"line":272,"column":77}},"skip":true},"12":{"name":"(anonymous_12)","line":315,"loc":{"start":{"line":315,"column":32},"end":{"line":315,"column":61}},"skip":true}},"statementMap":{"1":{"start":{"line":26,"column":0},"end":{"line":326,"column":5}},"2":{"start":{"line":28,"column":4},"end":{"line":28,"column":14}},"3":{"start":{"line":33,"column":4},"end":{"line":60,"column":9}},"4":{"start":{"line":35,"column":8},"end":{"line":35,"column":19}},"5":{"start":{"line":37,"column":8},"end":{"line":49,"column":13}},"6":{"start":{"line":38,"column":12},"end":{"line":48,"column":13}},"7":{"start":{"line":39,"column":16},"end":{"line":42,"column":30}},"8":{"start":{"line":44,"column":16},"end":{"line":47,"column":27}},"9":{"start":{"line":51,"column":8},"end":{"line":53,"column":21}},"10":{"start":{"line":55,"column":8},"end":{"line":57,"column":45}},"11":{"start":{"line":59,"column":8},"end":{"line":59,"column":35}},"12":{"start":{"line":61,"column":4},"end":{"line":325,"column":5}},"13":{"start":{"line":69,"column":8},"end":{"line":121,"column":10},"skip":true},"14":{"start":{"line":70,"column":12},"end":{"line":88,"column":13},"skip":true},"15":{"start":{"line":76,"column":16},"end":{"line":87,"column":19},"skip":true},"16":{"start":{"line":79,"column":20},"end":{"line":86,"column":21},"skip":true},"17":{"start":{"line":82,"column":24},"end":{"line":82,"column":43},"skip":true},"18":{"start":{"line":83,"column":24},"end":{"line":83,"column":30},"skip":true},"19":{"start":{"line":85,"column":24},"end":{"line":85,"column":49},"skip":true},"20":{"start":{"line":89,"column":12},"end":{"line":107,"column":13},"skip":true},"21":{"start":{"line":92,"column":16},"end":{"line":102,"column":17},"skip":true},"22":{"start":{"line":93,"column":20},"end":{"line":93,"column":86},"skip":true},"23":{"start":{"line":94,"column":20},"end":{"line":95,"column":45},"skip":true},"24":{"start":{"line":96,"column":20},"end":{"line":96,"column":42},"skip":true},"25":{"start":{"line":97,"column":20},"end":{"line":97,"column":48},"skip":true},"26":{"start":{"line":100,"column":20},"end":{"line":100,"column":85},"skip":true},"27":{"start":{"line":101,"column":20},"end":{"line":101,"column":96},"skip":true},"28":{"start":{"line":103,"column":16},"end":{"line":103,"column":22},"skip":true},"29":{"start":{"line":106,"column":16},"end":{"line":106,"column":22},"skip":true},"30":{"start":{"line":108,"column":12},"end":{"line":120,"column":13},"skip":true},"31":{"start":{"line":114,"column":16},"end":{"line":119,"column":17},"skip":true},"32":{"start":{"line":116,"column":20},"end":{"line":116,"column":78},"skip":true},"33":{"start":{"line":118,"column":20},"end":{"line":118,"column":47},"skip":true},"34":{"start":{"line":123,"column":8},"end":{"line":141,"column":11},"skip":true},"35":{"start":{"line":124,"column":12},"end":{"line":124,"column":54},"skip":true},"36":{"start":{"line":125,"column":12},"end":{"line":140,"column":14},"skip":true},"37":{"start":{"line":126,"column":16},"end":{"line":126,"column":28},"skip":true},"38":{"start":{"line":127,"column":16},"end":{"line":127,"column":69},"skip":true},"39":{"start":{"line":128,"column":16},"end":{"line":128,"column":75},"skip":true},"40":{"start":{"line":129,"column":16},"end":{"line":131,"column":17},"skip":true},"41":{"start":{"line":130,"column":20},"end":{"line":130,"column":27},"skip":true},"42":{"start":{"line":133,"column":16},"end":{"line":137,"column":36},"skip":true},"43":{"start":{"line":134,"column":20},"end":{"line":136,"column":55},"skip":true},"44":{"start":{"line":139,"column":16},"end":{"line":139,"column":57},"skip":true},"45":{"start":{"line":143,"column":8},"end":{"line":147,"column":11},"skip":true},"46":{"start":{"line":144,"column":12},"end":{"line":146,"column":15},"skip":true},"47":{"start":{"line":145,"column":16},"end":{"line":145,"column":70},"skip":true},"48":{"start":{"line":149,"column":8},"end":{"line":149,"column":31},"skip":true},"49":{"start":{"line":150,"column":8},"end":{"line":150,"column":14},"skip":true},"50":{"start":{"line":158,"column":8},"end":{"line":158,"column":31},"skip":true},"51":{"start":{"line":160,"column":8},"end":{"line":160,"column":33},"skip":true},"52":{"start":{"line":161,"column":8},"end":{"line":161,"column":37},"skip":true},"53":{"start":{"line":162,"column":8},"end":{"line":162,"column":35},"skip":true},"54":{"start":{"line":164,"column":8},"end":{"line":164,"column":50},"skip":true},"55":{"start":{"line":166,"column":8},"end":{"line":256,"column":2},"skip":true},"56":{"start":{"line":258,"column":8},"end":{"line":286,"column":9},"skip":true},"57":{"start":{"line":259,"column":12},"end":{"line":269,"column":14},"skip":true},"58":{"start":{"line":271,"column":12},"end":{"line":285,"column":19},"skip":true},"59":{"start":{"line":274,"column":20},"end":{"line":274,"column":35},"skip":true},"60":{"start":{"line":275,"column":20},"end":{"line":284,"column":21},"skip":true},"61":{"start":{"line":277,"column":24},"end":{"line":277,"column":64},"skip":true},"62":{"start":{"line":279,"column":24},"end":{"line":279,"column":40},"skip":true},"63":{"start":{"line":281,"column":24},"end":{"line":281,"column":40},"skip":true},"64":{"start":{"line":283,"column":24},"end":{"line":283,"column":39},"skip":true},"65":{"start":{"line":288,"column":8},"end":{"line":290,"column":9},"skip":true},"66":{"start":{"line":289,"column":12},"end":{"line":289,"column":18},"skip":true},"67":{"start":{"line":291,"column":8},"end":{"line":293,"column":54},"skip":true},"68":{"start":{"line":296,"column":8},"end":{"line":301,"column":37},"skip":true},"69":{"start":{"line":303,"column":8},"end":{"line":303,"column":82},"skip":true},"70":{"start":{"line":306,"column":8},"end":{"line":308,"column":9},"skip":true},"71":{"start":{"line":307,"column":12},"end":{"line":307,"column":82},"skip":true},"72":{"start":{"line":310,"column":8},"end":{"line":312,"column":9},"skip":true},"73":{"start":{"line":311,"column":12},"end":{"line":311,"column":18},"skip":true},"74":{"start":{"line":313,"column":8},"end":{"line":313,"column":54},"skip":true},"75":{"start":{"line":314,"column":8},"end":{"line":314,"column":69},"skip":true},"76":{"start":{"line":315,"column":8},"end":{"line":323,"column":36},"skip":true},"77":{"start":{"line":316,"column":12},"end":{"line":316,"column":61},"skip":true},"78":{"start":{"line":317,"column":12},"end":{"line":320,"column":13},"skip":true},"79":{"start":{"line":318,"column":16},"end":{"line":318,"column":75},"skip":true},"80":{"start":{"line":319,"column":16},"end":{"line":319,"column":23},"skip":true},"81":{"start":{"line":321,"column":12},"end":{"line":321,"column":38},"skip":true},"82":{"start":{"line":322,"column":12},"end":{"line":322,"column":27},"skip":true},"83":{"start":{"line":324,"column":8},"end":{"line":324,"column":14},"skip":true}},"branchMap":{"1":{"line":39,"type":"binary-expr","locations":[{"start":{"line":39,"column":23},"end":{"line":39,"column":62}},{"start":{"line":40,"column":20},"end":{"line":40,"column":70}},{"start":{"line":41,"column":20},"end":{"line":41,"column":71}},{"start":{"line":42,"column":20},"end":{"line":42,"column":29}}]},"2":{"line":44,"type":"binary-expr","locations":[{"start":{"line":44,"column":23},"end":{"line":44,"column":37}},{"start":{"line":45,"column":20},"end":{"line":45,"column":61}},{"start":{"line":46,"column":20},"end":{"line":46,"column":70}},{"start":{"line":47,"column":20},"end":{"line":47,"column":26}}]},"3":{"line":51,"type":"cond-expr","locations":[{"start":{"line":52,"column":14},"end":{"line":52,"column":20}},{"start":{"line":53,"column":14},"end":{"line":53,"column":20}}]},"4":{"line":55,"type":"binary-expr","locations":[{"start":{"line":55,"column":16},"end":{"line":55,"column":44}},{"start":{"line":55,"column":49},"end":{"line":57,"column":43}}]},"5":{"line":55,"type":"cond-expr","locations":[{"start":{"line":56,"column":14},"end":{"line":56,"column":57}},{"start":{"line":57,"column":14},"end":{"line":57,"column":43}}]},"6":{"line":61,"type":"switch","locations":[{"start":{"line":68,"column":4},"end":{"line":150,"column":14},"skip":true},{"start":{"line":156,"column":4},"end":{"line":324,"column":14},"skip":true}]},"7":{"line":70,"type":"if","locations":[{"start":{"line":70,"column":12},"end":{"line":70,"column":12},"skip":true},{"start":{"line":70,"column":12},"end":{"line":70,"column":12},"skip":true}]},"8":{"line":70,"type":"binary-expr","locations":[{"start":{"line":70,"column":16},"end":{"line":70,"column":22},"skip":true},{"start":{"line":70,"column":27},"end":{"line":70,"column":32},"skip":true},{"start":{"line":71,"column":20},"end":{"line":71,"column":39},"skip":true},{"start":{"line":72,"column":20},"end":{"line":72,"column":49},"skip":true},{"start":{"line":73,"column":20},"end":{"line":73,"column":58},"skip":true},{"start":{"line":74,"column":20},"end":{"line":74,"column":69},"skip":true}]},"9":{"line":79,"type":"switch","locations":[{"start":{"line":80,"column":20},"end":{"line":80,"column":33},"skip":true},{"start":{"line":81,"column":20},"end":{"line":83,"column":30},"skip":true},{"start":{"line":84,"column":20},"end":{"line":85,"column":49},"skip":true}]},"10":{"line":89,"type":"switch","locations":[{"start":{"line":90,"column":12},"end":{"line":103,"column":22},"skip":true},{"start":{"line":105,"column":12},"end":{"line":106,"column":22},"skip":true}]},"11":{"line":89,"type":"binary-expr","locations":[{"start":{"line":89,"column":20},"end":{"line":89,"column":25},"skip":true},{"start":{"line":89,"column":29},"end":{"line":89,"column":48},"skip":true},{"start":{"line":89,"column":52},"end":{"line":89,"column":74},"skip":true}]},"12":{"line":92,"type":"if","locations":[{"start":{"line":92,"column":16},"end":{"line":92,"column":16},"skip":true},{"start":{"line":92,"column":16},"end":{"line":92,"column":16},"skip":true}]},"13":{"line":108,"type":"if","locations":[{"start":{"line":108,"column":12},"end":{"line":108,"column":12},"skip":true},{"start":{"line":108,"column":12},"end":{"line":108,"column":12},"skip":true}]},"14":{"line":108,"type":"binary-expr","locations":[{"start":{"line":108,"column":16},"end":{"line":108,"column":61},"skip":true},{"start":{"line":108,"column":66},"end":{"line":108,"column":72},"skip":true},{"start":{"line":108,"column":77},"end":{"line":108,"column":82},"skip":true},{"start":{"line":109,"column":20},"end":{"line":109,"column":39},"skip":true},{"start":{"line":110,"column":20},"end":{"line":110,"column":49},"skip":true},{"start":{"line":111,"column":20},"end":{"line":111,"column":58},"skip":true},{"start":{"line":112,"column":20},"end":{"line":112,"column":68},"skip":true}]},"15":{"line":129,"type":"if","locations":[{"start":{"line":129,"column":16},"end":{"line":129,"column":16},"skip":true},{"start":{"line":129,"column":16},"end":{"line":129,"column":16},"skip":true}]},"16":{"line":134,"type":"cond-expr","locations":[{"start":{"line":135,"column":26},"end":{"line":135,"column":29},"skip":true},{"start":{"line":136,"column":26},"end":{"line":136,"column":54},"skip":true}]},"17":{"line":164,"type":"binary-expr","locations":[{"start":{"line":164,"column":27},"end":{"line":164,"column":43},"skip":true},{"start":{"line":164,"column":47},"end":{"line":164,"column":49},"skip":true}]},"18":{"line":258,"type":"if","locations":[{"start":{"line":258,"column":8},"end":{"line":258,"column":8},"skip":true},{"start":{"line":258,"column":8},"end":{"line":258,"column":8},"skip":true}]},"19":{"line":275,"type":"switch","locations":[{"start":{"line":276,"column":20},"end":{"line":277,"column":64},"skip":true},{"start":{"line":278,"column":20},"end":{"line":279,"column":40},"skip":true},{"start":{"line":280,"column":20},"end":{"line":281,"column":40},"skip":true},{"start":{"line":282,"column":20},"end":{"line":283,"column":39},"skip":true}]},"20":{"line":288,"type":"if","locations":[{"start":{"line":288,"column":8},"end":{"line":288,"column":8},"skip":true},{"start":{"line":288,"column":8},"end":{"line":288,"column":8},"skip":true}]},"21":{"line":288,"type":"binary-expr","locations":[{"start":{"line":288,"column":12},"end":{"line":288,"column":40},"skip":true},{"start":{"line":288,"column":44},"end":{"line":288,"column":67},"skip":true}]},"22":{"line":292,"type":"binary-expr","locations":[{"start":{"line":292,"column":12},"end":{"line":292,"column":50},"skip":true},{"start":{"line":293,"column":12},"end":{"line":293,"column":53},"skip":true}]},"23":{"line":297,"type":"binary-expr","locations":[{"start":{"line":297,"column":12},"end":{"line":297,"column":71},"skip":true},{"start":{"line":298,"column":12},"end":{"line":301,"column":36},"skip":true}]},"24":{"line":303,"type":"binary-expr","locations":[{"start":{"line":303,"column":43},"end":{"line":303,"column":75},"skip":true},{"start":{"line":303,"column":79},"end":{"line":303,"column":81},"skip":true}]},"25":{"line":306,"type":"if","locations":[{"start":{"line":306,"column":8},"end":{"line":306,"column":8},"skip":true},{"start":{"line":306,"column":8},"end":{"line":306,"column":8},"skip":true}]},"26":{"line":310,"type":"if","locations":[{"start":{"line":310,"column":8},"end":{"line":310,"column":8},"skip":true},{"start":{"line":310,"column":8},"end":{"line":310,"column":8},"skip":true}]},"27":{"line":313,"type":"binary-expr","locations":[{"start":{"line":313,"column":27},"end":{"line":313,"column":43},"skip":true},{"start":{"line":313,"column":47},"end":{"line":313,"column":53},"skip":true}]},"28":{"line":317,"type":"if","locations":[{"start":{"line":317,"column":12},"end":{"line":317,"column":12},"skip":true},{"start":{"line":317,"column":12},"end":{"line":317,"column":12},"skip":true}]}},"code":["/*","example.js","","quickstart example","","instruction","    1. save this script as example.js","    2. run the shell command:","        $ npm install npmtest-node-workflow && PORT=8081 node example.js","    3. play with the browser-demo on http://127.0.0.1:8081","*/","","","","/* istanbul instrument in package npmtest_node_workflow */","/*jslint","    bitwise: true,","    browser: true,","    maxerr: 8,","    maxlen: 96,","    node: true,","    nomen: true,","    regexp: true,","    stupid: true","*/","(function () {","    'use strict';","    var local;","","","","    // run shared js-env code - pre-init","    (function () {","        // init local","        local = {};","        // init modeJs","        local.modeJs = (function () {","            try {","                return typeof navigator.userAgent === 'string' &&","                    typeof document.querySelector('body') === 'object' &&","                    typeof XMLHttpRequest.prototype.open === 'function' &&","                    'browser';","            } catch (errorCaughtBrowser) {","                return module.exports &&","                    typeof process.versions.node === 'string' &&","                    typeof require('http').createServer === 'function' &&","                    'node';","            }","        }());","        // init global","        local.global = local.modeJs === 'browser'","            ? window","            : global;","        // init utility2_rollup","        local = local.global.utility2_rollup || (local.modeJs === 'browser'","            ? local.global.utility2_npmtest_node_workflow","            : global.utility2_moduleExports);","        // export local","        local.global.local = local;","    }());","    switch (local.modeJs) {","","","","    // post-init","    // run browser js-env code - post-init","    /* istanbul ignore next */","    case 'browser':","        local.testRunBrowser = function (event) {","            if (!event || (event &&","                    event.currentTarget &&","                    event.currentTarget.className &&","                    event.currentTarget.className.includes &&","                    event.currentTarget.className.includes('onreset'))) {","                // reset output","                Array.from(","                    document.querySelectorAll('body > .resettable')","                ).forEach(function (element) {","                    switch (element.tagName) {","                    case 'INPUT':","                    case 'TEXTAREA':","                        element.value = '';","                        break;","                    default:","                        element.textContent = '';","                    }","                });","            }","            switch (event && event.currentTarget && event.currentTarget.id) {","            case 'testRunButton1':","                // show tests","                if (document.querySelector('#testReportDiv1').style.display === 'none') {","                    document.querySelector('#testReportDiv1').style.display = 'block';","                    document.querySelector('#testRunButton1').textContent =","                        'hide internal test';","                    local.modeTest = true;","                    local.testRunDefault(local);","                // hide tests","                } else {","                    document.querySelector('#testReportDiv1').style.display = 'none';","                    document.querySelector('#testRunButton1').textContent = 'run internal test';","                }","                break;","            // custom-case","            default:","                break;","            }","            if (document.querySelector('#inputTextareaEval1') && (!event || (event &&","                    event.currentTarget &&","                    event.currentTarget.className &&","                    event.currentTarget.className.includes &&","                    event.currentTarget.className.includes('oneval')))) {","                // try to eval input-code","                try {","                    /*jslint evil: true*/","                    eval(document.querySelector('#inputTextareaEval1').value);","                } catch (errorCaught) {","                    console.error(errorCaught);","                }","            }","        };","        // log stderr and stdout to #outputTextareaStdout1","        ['error', 'log'].forEach(function (key) {","            console[key + '_original'] = console[key];","            console[key] = function () {","                var element;","                console[key + '_original'].apply(console, arguments);","                element = document.querySelector('#outputTextareaStdout1');","                if (!element) {","                    return;","                }","                // append text to #outputTextareaStdout1","                element.value += Array.from(arguments).map(function (arg) {","                    return typeof arg === 'string'","                        ? arg","                        : JSON.stringify(arg, null, 4);","                }).join(' ') + '\\n';","                // scroll textarea to bottom","                element.scrollTop = element.scrollHeight;","            };","        });","        // init event-handling","        ['change', 'click', 'keyup'].forEach(function (event) {","            Array.from(document.querySelectorAll('.on' + event)).forEach(function (element) {","                element.addEventListener(event, local.testRunBrowser);","            });","        });","        // run tests","        local.testRunBrowser();","        break;","","","","    // run node js-env code - post-init","    /* istanbul ignore next */","    case 'node':","        // export local","        module.exports = local;","        // require modules","        local.fs = require('fs');","        local.http = require('http');","        local.url = require('url');","        // init assets","        local.assetsDict = local.assetsDict || {};","        /* jslint-ignore-begin */","        local.assetsDict['/assets.index.template.html'] = '\\","<!doctype html>\\n\\","<html lang=\"en\">\\n\\","<head>\\n\\","<meta charset=\"UTF-8\">\\n\\","<meta name=\"viewport\" content=\"width=device-width, initial-scale=1\">\\n\\","<title>{{env.npm_package_name}} (v{{env.npm_package_version}})</title>\\n\\","<style>\\n\\","/*csslint\\n\\","    box-sizing: false,\\n\\","    universal-selector: false\\n\\","*/\\n\\","* {\\n\\","    box-sizing: border-box;\\n\\","}\\n\\","body {\\n\\","    background: #dde;\\n\\","    font-family: Arial, Helvetica, sans-serif;\\n\\","    margin: 2rem;\\n\\","}\\n\\","body > * {\\n\\","    margin-bottom: 1rem;\\n\\","}\\n\\",".utility2FooterDiv {\\n\\","    margin-top: 20px;\\n\\","    text-align: center;\\n\\","}\\n\\","</style>\\n\\","<style>\\n\\","/*csslint\\n\\","*/\\n\\","textarea {\\n\\","    font-family: monospace;\\n\\","    height: 10rem;\\n\\","    width: 100%;\\n\\","}\\n\\","textarea[readonly] {\\n\\","    background: #ddd;\\n\\","}\\n\\","</style>\\n\\","</head>\\n\\","<body>\\n\\","<!-- utility2-comment\\n\\","<div id=\"ajaxProgressDiv1\" style=\"background: #d00; height: 2px; left: 0; margin: 0; padding: 0; position: fixed; top: 0; transition: background 0.5s, width 1.5s; width: 25%;\"></div>\\n\\","utility2-comment -->\\n\\","<h1>\\n\\","<!-- utility2-comment\\n\\","    <a\\n\\","        {{#if env.npm_package_homepage}}\\n\\","        href=\"{{env.npm_package_homepage}}\"\\n\\","        {{/if env.npm_package_homepage}}\\n\\","        target=\"_blank\"\\n\\","    >\\n\\","utility2-comment -->\\n\\","        {{env.npm_package_name}} (v{{env.npm_package_version}})\\n\\","<!-- utility2-comment\\n\\","    </a>\\n\\","utility2-comment -->\\n\\","</h1>\\n\\","<h3>{{env.npm_package_description}}</h3>\\n\\","<!-- utility2-comment\\n\\","<h4><a download href=\"assets.app.js\">download standalone app</a></h4>\\n\\","<button class=\"onclick onreset\" id=\"testRunButton1\">run internal test</button><br>\\n\\","<div id=\"testReportDiv1\" style=\"display: none;\"></div>\\n\\","utility2-comment -->\\n\\","\\n\\","\\n\\","\\n\\","<label>stderr and stdout</label>\\n\\","<textarea class=\"resettable\" id=\"outputTextareaStdout1\" readonly></textarea>\\n\\","<!-- utility2-comment\\n\\","{{#if isRollup}}\\n\\","<script src=\"assets.app.js\"></script>\\n\\","{{#unless isRollup}}\\n\\","utility2-comment -->\\n\\","<script src=\"assets.utility2.rollup.js\"></script>\\n\\","<script src=\"jsonp.utility2._stateInit?callback=window.utility2._stateInit\"></script>\\n\\","<script src=\"assets.npmtest_node_workflow.rollup.js\"></script>\\n\\","<script src=\"assets.example.js\"></script>\\n\\","<script src=\"assets.test.js\"></script>\\n\\","<!-- utility2-comment\\n\\","{{/if isRollup}}\\n\\","utility2-comment -->\\n\\","<div class=\"utility2FooterDiv\">\\n\\","    [ this app was created with\\n\\","    <a href=\"https://github.com/kaizhu256/node-utility2\" target=\"_blank\">utility2</a>\\n\\","    ]\\n\\","</div>\\n\\","</body>\\n\\","</html>\\n\\","';","        /* jslint-ignore-end */","        if (local.templateRender) {","            local.assetsDict['/'] = local.templateRender(","                local.assetsDict['/assets.index.template.html'],","                {","                    env: local.objectSetDefault(local.env, {","                        npm_package_description: 'the greatest app in the world!',","                        npm_package_name: 'my-app',","                        npm_package_nameAlias: 'my_app',","                        npm_package_version: '0.0.1'","                    })","                }","            );","        } else {","            local.assetsDict['/'] = local.assetsDict['/assets.index.template.html']","                .replace((/\\{\\{env\\.(\\w+?)\\}\\}/g), function (match0, match1) {","                    // jslint-hack","                    String(match0);","                    switch (match1) {","                    case 'npm_package_description':","                        return 'the greatest app in the world!';","                    case 'npm_package_name':","                        return 'my-app';","                    case 'npm_package_nameAlias':","                        return 'my_app';","                    case 'npm_package_version':","                        return '0.0.1';","                    }","                });","        }","        // run the cli","        if (local.global.utility2_rollup || module !== require.main) {","            break;","        }","        local.assetsDict['/assets.example.js'] =","            local.assetsDict['/assets.example.js'] ||","            local.fs.readFileSync(__filename, 'utf8');","        // bug-workaround - long $npm_package_buildCustomOrg","        /* jslint-ignore-begin */","        local.assetsDict['/assets.npmtest_node_workflow.rollup.js'] =","            local.assetsDict['/assets.npmtest_node_workflow.rollup.js'] ||","            local.fs.readFileSync(","                local.npmtest_node_workflow.__dirname + '/lib.npmtest_node_workflow.js',","                'utf8'","            ).replace((/^#!/), '//');","        /* jslint-ignore-end */","        local.assetsDict['/favicon.ico'] = local.assetsDict['/favicon.ico'] || '';","        // if $npm_config_timeout_exit exists,","        // then exit this process after $npm_config_timeout_exit ms","        if (Number(process.env.npm_config_timeout_exit)) {","            setTimeout(process.exit, Number(process.env.npm_config_timeout_exit));","        }","        // start server","        if (local.global.utility2_serverHttp1) {","            break;","        }","        process.env.PORT = process.env.PORT || '8081';","        console.error('server starting on port ' + process.env.PORT);","        local.http.createServer(function (request, response) {","            request.urlParsed = local.url.parse(request.url);","            if (local.assetsDict[request.urlParsed.pathname] !== undefined) {","                response.end(local.assetsDict[request.urlParsed.pathname]);","                return;","            }","            response.statusCode = 404;","            response.end();","        }).listen(process.env.PORT);","        break;","    }","}());",""],"l":{"26":2,"28":2,"33":2,"35":2,"37":2,"38":2,"39":2,"44":1,"51":2,"55":2,"59":2,"61":2,"69":1,"70":2,"76":2,"79":2,"82":2,"83":2,"85":1,"89":2,"92":1,"93":1,"94":1,"96":1,"97":1,"100":1,"101":1,"103":1,"106":1,"108":2,"114":1,"116":1,"118":1,"123":1,"124":2,"125":2,"126":3,"127":3,"128":3,"129":3,"130":1,"133":3,"134":3,"139":3,"143":1,"144":3,"145":1,"149":1,"150":1,"158":1,"160":1,"161":1,"162":1,"164":1,"166":1,"258":1,"259":1,"271":1,"274":6,"275":6,"277":1,"279":2,"281":1,"283":2,"288":1,"289":1,"291":1,"296":1,"303":1,"306":1,"307":1,"310":1,"311":1,"313":1,"314":1,"315":1,"316":1,"317":1,"318":1,"319":1,"321":1,"322":1,"324":1}},"/home/travis/build/npmtest/node-npmtest-node-workflow/node_modules/node-workflow/lib/index.js":{"path":"/home/travis/build/npmtest/node-npmtest-node-workflow/node_modules/node-workflow/lib/index.js","s":{"1":1,"2":0,"3":0,"4":0,"5":0,"6":0,"7":0,"8":0,"9":0,"10":0,"11":0,"12":0,"13":0,"14":0,"15":0,"16":0,"17":0},"b":{"1":[0,0],"2":[0,0],"3":[0,0],"4":[0,0],"5":[0,0]},"f":{"1":0,"2":0,"3":0,"4":0},"fnMap":{"1":{"name":"(anonymous_1)","line":4,"loc":{"start":{"line":4,"column":11},"end":{"line":4,"column":30}}},"2":{"name":"(anonymous_2)","line":20,"loc":{"start":{"line":20,"column":11},"end":{"line":20,"column":23}}},"3":{"name":"(anonymous_3)","line":24,"loc":{"start":{"line":24,"column":7},"end":{"line":24,"column":25}}},"4":{"name":"(anonymous_4)","line":32,"loc":{"start":{"line":32,"column":10},"end":{"line":32,"column":28}}}},"statementMap":{"1":{"start":{"line":3,"column":0},"end":{"line":40,"column":2}},"2":{"start":{"line":5,"column":4},"end":{"line":7,"column":5}},"3":{"start":{"line":6,"column":6},"end":{"line":6,"column":51}},"4":{"start":{"line":9,"column":4},"end":{"line":10,"column":56}},"5":{"start":{"line":12,"column":4},"end":{"line":16,"column":5}},"6":{"start":{"line":15,"column":6},"end":{"line":15,"column":67}},"7":{"start":{"line":18,"column":4},"end":{"line":18,"column":40}},"8":{"start":{"line":21,"column":4},"end":{"line":21,"column":58}},"9":{"start":{"line":22,"column":4},"end":{"line":22,"column":25}},"10":{"start":{"line":25,"column":4},"end":{"line":27,"column":5}},"11":{"start":{"line":26,"column":6},"end":{"line":26,"column":50}},"12":{"start":{"line":29,"column":4},"end":{"line":29,"column":31}},"13":{"start":{"line":30,"column":4},"end":{"line":30,"column":27}},"14":{"start":{"line":33,"column":4},"end":{"line":35,"column":5}},"15":{"start":{"line":34,"column":6},"end":{"line":34,"column":50}},"16":{"start":{"line":36,"column":4},"end":{"line":36,"column":45}},"17":{"start":{"line":37,"column":4},"end":{"line":37,"column":38}}},"branchMap":{"1":{"line":5,"type":"if","locations":[{"start":{"line":5,"column":4},"end":{"line":5,"column":4}},{"start":{"line":5,"column":4},"end":{"line":5,"column":4}}]},"2":{"line":12,"type":"if","locations":[{"start":{"line":12,"column":4},"end":{"line":12,"column":4}},{"start":{"line":12,"column":4},"end":{"line":12,"column":4}}]},"3":{"line":12,"type":"binary-expr","locations":[{"start":{"line":12,"column":8},"end":{"line":12,"column":35}},{"start":{"line":13,"column":6},"end":{"line":13,"column":52}}]},"4":{"line":25,"type":"if","locations":[{"start":{"line":25,"column":4},"end":{"line":25,"column":4}},{"start":{"line":25,"column":4},"end":{"line":25,"column":4}}]},"5":{"line":33,"type":"if","locations":[{"start":{"line":33,"column":4},"end":{"line":33,"column":4}},{"start":{"line":33,"column":4},"end":{"line":33,"column":4}}]}},"code":["// Copyright 2012 Pedro P. Candel <kusorbox@gmail.com>. All rights reserved.","","module.exports = {","  Factory: function (backend) {","    if (typeof (backend) !== 'object') {","      throw new Error('backend must be an object');","    }","","    var WorkflowBackend = require('./workflow-backend'),","        WorkflowFactory = require('./workflow-factory');","","    if (!backend.constructor.super_ ||","      backend.constructor.super_ !== WorkflowBackend)","    {","      throw new Error('backend must inherit from WorkflowBackend');","    }","","    return new WorkflowFactory(backend);","  },","  Backend: function () {","    var Backend = require('./workflow-in-memory-backend');","    return new Backend();","  },","  API: function (config) {","    if (typeof (config) !== 'object') {","      throw new Error('config must be an object');","    }","","    var API = require('./api');","    return new API(config);","  },","  Runner: function (config) {","    if (typeof (config) !== 'object') {","      throw new Error('config must be an object');","    }","    var WorkflowRunner = require('./runner');","    return new WorkflowRunner(config);","  },","  WorkflowBackend: require('./workflow-backend')","};",""],"l":{"3":1,"5":0,"6":0,"9":0,"12":0,"15":0,"18":0,"21":0,"22":0,"25":0,"26":0,"29":0,"30":0,"33":0,"34":0,"36":0,"37":0}},"/home/travis/build/npmtest/node-npmtest-node-workflow/node_modules/node-workflow/lib/workflow-backend.js":{"path":"/home/travis/build/npmtest/node-npmtest-node-workflow/node_modules/node-workflow/lib/workflow-backend.js","s":{"1":1,"2":0,"3":1,"4":0,"5":1,"6":0,"7":1,"8":0,"9":1,"10":0,"11":1,"12":0,"13":1,"14":0,"15":1,"16":0,"17":1,"18":0,"19":1,"20":0,"21":1,"22":0,"23":1,"24":0,"25":1,"26":0,"27":1,"28":0,"29":1,"30":0,"31":1,"32":0,"33":1,"34":0,"35":1,"36":0,"37":1,"38":0,"39":1,"40":0,"41":1,"42":0,"43":1,"44":0,"45":1,"46":0,"47":1,"48":0,"49":1,"50":0,"51":1,"52":0,"53":1,"54":0,"55":1,"56":0,"57":1,"58":0,"59":1,"60":0},"b":{},"f":{"1":0,"2":0,"3":0,"4":0,"5":0,"6":0,"7":0,"8":0,"9":0,"10":0,"11":0,"12":0,"13":0,"14":0,"15":0,"16":0,"17":0,"18":0,"19":0,"20":0,"21":0,"22":0,"23":0,"24":0,"25":0,"26":0,"27":0,"28":0,"29":0,"30":0},"fnMap":{"1":{"name":"(anonymous_1)","line":5,"loc":{"start":{"line":5,"column":39},"end":{"line":5,"column":57}}},"2":{"name":"(anonymous_2)","line":9,"loc":{"start":{"line":9,"column":33},"end":{"line":9,"column":53}}},"3":{"name":"(anonymous_3)","line":13,"loc":{"start":{"line":13,"column":33},"end":{"line":13,"column":53}}},"4":{"name":"(anonymous_4)","line":19,"loc":{"start":{"line":19,"column":43},"end":{"line":19,"column":73}}},"5":{"name":"(anonymous_5)","line":25,"loc":{"start":{"line":25,"column":38},"end":{"line":25,"column":63}}},"6":{"name":"(anonymous_6)","line":30,"loc":{"start":{"line":30,"column":40},"end":{"line":30,"column":70}}},"7":{"name":"(anonymous_7)","line":36,"loc":{"start":{"line":36,"column":35},"end":{"line":36,"column":60}}},"8":{"name":"(anonymous_8)","line":43,"loc":{"start":{"line":43,"column":43},"end":{"line":43,"column":73}}},"9":{"name":"(anonymous_9)","line":50,"loc":{"start":{"line":50,"column":38},"end":{"line":50,"column":63}}},"10":{"name":"(anonymous_10)","line":60,"loc":{"start":{"line":60,"column":46},"end":{"line":65,"column":0}}},"11":{"name":"(anonymous_11)","line":71,"loc":{"start":{"line":71,"column":43},"end":{"line":71,"column":73}}},"12":{"name":"(anonymous_12)","line":80,"loc":{"start":{"line":80,"column":43},"end":{"line":80,"column":69}}},"13":{"name":"(anonymous_13)","line":88,"loc":{"start":{"line":88,"column":46},"end":{"line":88,"column":71}}},"14":{"name":"(anonymous_14)","line":99,"loc":{"start":{"line":99,"column":36},"end":{"line":99,"column":63}}},"15":{"name":"(anonymous_15)","line":108,"loc":{"start":{"line":108,"column":35},"end":{"line":108,"column":72}}},"16":{"name":"(anonymous_16)","line":118,"loc":{"start":{"line":118,"column":38},"end":{"line":118,"column":63}}},"17":{"name":"(anonymous_17)","line":129,"loc":{"start":{"line":129,"column":37},"end":{"line":129,"column":62}}},"18":{"name":"(anonymous_18)","line":137,"loc":{"start":{"line":137,"column":37},"end":{"line":137,"column":70}}},"19":{"name":"(anonymous_19)","line":145,"loc":{"start":{"line":145,"column":43},"end":{"line":149,"column":2}}},"20":{"name":"(anonymous_20)","line":157,"loc":{"start":{"line":157,"column":41},"end":{"line":161,"column":2}}},"21":{"name":"(anonymous_21)","line":168,"loc":{"start":{"line":168,"column":38},"end":{"line":168,"column":69}}},"22":{"name":"(anonymous_22)","line":174,"loc":{"start":{"line":174,"column":39},"end":{"line":174,"column":59}}},"23":{"name":"(anonymous_23)","line":181,"loc":{"start":{"line":181,"column":39},"end":{"line":181,"column":70}}},"24":{"name":"(anonymous_24)","line":188,"loc":{"start":{"line":188,"column":41},"end":{"line":188,"column":72}}},"25":{"name":"(anonymous_25)","line":195,"loc":{"start":{"line":195,"column":41},"end":{"line":195,"column":72}}},"26":{"name":"(anonymous_26)","line":203,"loc":{"start":{"line":203,"column":42},"end":{"line":203,"column":73}}},"27":{"name":"(anonymous_27)","line":209,"loc":{"start":{"line":209,"column":41},"end":{"line":209,"column":61}}},"28":{"name":"(anonymous_28)","line":217,"loc":{"start":{"line":217,"column":36},"end":{"line":217,"column":67}}},"29":{"name":"(anonymous_29)","line":225,"loc":{"start":{"line":225,"column":36},"end":{"line":225,"column":68}}},"30":{"name":"(anonymous_30)","line":232,"loc":{"start":{"line":232,"column":36},"end":{"line":232,"column":62}}}},"statementMap":{"1":{"start":{"line":5,"column":0},"end":{"line":7,"column":2}},"2":{"start":{"line":6,"column":2},"end":{"line":6,"column":23}},"3":{"start":{"line":9,"column":0},"end":{"line":11,"column":2}},"4":{"start":{"line":10,"column":2},"end":{"line":10,"column":13}},"5":{"start":{"line":13,"column":0},"end":{"line":15,"column":2}},"6":{"start":{"line":14,"column":2},"end":{"line":14,"column":13}},"7":{"start":{"line":19,"column":0},"end":{"line":21,"column":2}},"8":{"start":{"line":20,"column":2},"end":{"line":20,"column":63}},"9":{"start":{"line":25,"column":0},"end":{"line":27,"column":2}},"10":{"start":{"line":26,"column":2},"end":{"line":26,"column":58}},"11":{"start":{"line":30,"column":0},"end":{"line":32,"column":2}},"12":{"start":{"line":31,"column":2},"end":{"line":31,"column":60}},"13":{"start":{"line":36,"column":0},"end":{"line":38,"column":2}},"14":{"start":{"line":37,"column":2},"end":{"line":37,"column":55}},"15":{"start":{"line":43,"column":0},"end":{"line":45,"column":2}},"16":{"start":{"line":44,"column":2},"end":{"line":44,"column":63}},"17":{"start":{"line":50,"column":0},"end":{"line":52,"column":2}},"18":{"start":{"line":51,"column":2},"end":{"line":51,"column":58}},"19":{"start":{"line":60,"column":0},"end":{"line":67,"column":2}},"20":{"start":{"line":66,"column":2},"end":{"line":66,"column":58}},"21":{"start":{"line":71,"column":0},"end":{"line":73,"column":2}},"22":{"start":{"line":72,"column":2},"end":{"line":72,"column":63}},"23":{"start":{"line":80,"column":0},"end":{"line":82,"column":2}},"24":{"start":{"line":81,"column":2},"end":{"line":81,"column":63}},"25":{"start":{"line":88,"column":0},"end":{"line":90,"column":2}},"26":{"start":{"line":89,"column":2},"end":{"line":89,"column":66}},"27":{"start":{"line":99,"column":0},"end":{"line":101,"column":2}},"28":{"start":{"line":100,"column":2},"end":{"line":100,"column":56}},"29":{"start":{"line":108,"column":0},"end":{"line":110,"column":2}},"30":{"start":{"line":109,"column":2},"end":{"line":109,"column":55}},"31":{"start":{"line":118,"column":0},"end":{"line":120,"column":2}},"32":{"start":{"line":119,"column":2},"end":{"line":119,"column":58}},"33":{"start":{"line":129,"column":0},"end":{"line":131,"column":2}},"34":{"start":{"line":130,"column":2},"end":{"line":130,"column":57}},"35":{"start":{"line":137,"column":0},"end":{"line":139,"column":2}},"36":{"start":{"line":138,"column":2},"end":{"line":138,"column":57}},"37":{"start":{"line":145,"column":0},"end":{"line":151,"column":2}},"38":{"start":{"line":150,"column":2},"end":{"line":150,"column":63}},"39":{"start":{"line":157,"column":0},"end":{"line":163,"column":2}},"40":{"start":{"line":162,"column":2},"end":{"line":162,"column":61}},"41":{"start":{"line":168,"column":0},"end":{"line":170,"column":2}},"42":{"start":{"line":169,"column":2},"end":{"line":169,"column":58}},"43":{"start":{"line":174,"column":0},"end":{"line":176,"column":2}},"44":{"start":{"line":175,"column":2},"end":{"line":175,"column":59}},"45":{"start":{"line":181,"column":0},"end":{"line":183,"column":2}},"46":{"start":{"line":182,"column":2},"end":{"line":182,"column":59}},"47":{"start":{"line":188,"column":0},"end":{"line":190,"column":2}},"48":{"start":{"line":189,"column":2},"end":{"line":189,"column":61}},"49":{"start":{"line":195,"column":0},"end":{"line":197,"column":2}},"50":{"start":{"line":196,"column":2},"end":{"line":196,"column":61}},"51":{"start":{"line":203,"column":0},"end":{"line":205,"column":2}},"52":{"start":{"line":204,"column":2},"end":{"line":204,"column":62}},"53":{"start":{"line":209,"column":0},"end":{"line":211,"column":2}},"54":{"start":{"line":210,"column":2},"end":{"line":210,"column":61}},"55":{"start":{"line":217,"column":0},"end":{"line":219,"column":2}},"56":{"start":{"line":218,"column":2},"end":{"line":218,"column":56}},"57":{"start":{"line":225,"column":0},"end":{"line":227,"column":2}},"58":{"start":{"line":226,"column":2},"end":{"line":226,"column":56}},"59":{"start":{"line":232,"column":0},"end":{"line":234,"column":2}},"60":{"start":{"line":233,"column":2},"end":{"line":233,"column":56}}},"branchMap":{},"code":["// Copyright 2012 Pedro P. Candel <kusorbox@gmail.com>. All rights reserved.","//","// Abstract backend, intended to be inherited by real workflow backends","// implementations","var WorkflowBackend = module.exports = function (config) {","  this.config = config;","};","","WorkflowBackend.prototype.init = function (callback) {","  callback();","};","","WorkflowBackend.prototype.quit = function (callback) {","  callback();","};","","// workflow - Workflow object","// callback - f(err, workflow)","WorkflowBackend.prototype.createWorkflow = function (workflow, callback) {","  throw new Error('Backend.createWorkflow is not implemented');","};","","// job - Job object","// callback - f(err, job)","WorkflowBackend.prototype.createJob = function (job, callback) {","  throw new Error('Backend.createJob is not implemented');","};","","// workflow - Workflow.uuid","WorkflowBackend.prototype.getWorkflow = function (workflow, callback) {","  throw new Error('Backend.getWorkflow is not implemented');","};","","// job - Job.uuid","// callback - f(err, job)","WorkflowBackend.prototype.getJob = function (job, callback) {","  throw new Error('Backend.getJob is not implemented');","};","","// workflow - Workflow object. Workflow.uuid property used to verify record","//            exists","// callback - f(err, workflow)","WorkflowBackend.prototype.updateWorkflow = function (workflow, callback) {","  throw new Error('Backend.updateWorkflow is not implemented');","};","","// Applied only to running jobs, to track progress","// job - Job object. Job.uuid property used to verify record exists.","// callback - f(err, job)","WorkflowBackend.prototype.updateJob = function (job, callback) {","  throw new Error('Backend.updateJob is not implemented');","};","","// Update only the given Job property. Intendeed to prevent conflicts with","// two sources updating the same job at the same time, but different properties","// uuid - the job's uuid","// prop - the name of the property to update","// val - value to assign to such property","// callback - f(err) called with error if something fails, otherwise with null.","WorkflowBackend.prototype.updateJobProperty = function (","  uuid,","  prop,","  val,","  callback)","{","  throw new Error('Backend.updateJob is not implemented');","};","","// workflow - the workflow object","// callback - f(err, boolean)","WorkflowBackend.prototype.deleteWorkflow = function (workflow, callback) {","  throw new Error('Backend.deleteWorkflow is not implemented');","};","","","// Get a single job property","// uuid - Job uuid.","// prop - (String) property name","// cb - callback f(err, value)","WorkflowBackend.prototype.getJobProperty = function (uuid, prop, cb) {","  throw new Error('Backend.getJobProperty is not implemented');","};","","","// job - the job object","// callback - f(err) called with error in case there is a duplicated","// job with the same target and same params","WorkflowBackend.prototype.validateJobTarget = function (job, callback) {","  throw new Error('Backend.validateJobTarget is not implemented');","};","","// Job queue related methods:","","// Get the next queued job. When there is no next job callback will be called","// with callback(null, null).","// index - Integer, optional. When given, it'll get the job at index position","//         (when not given, it'll return the job at position zero).","// callback - f(err, job)","WorkflowBackend.prototype.nextJob = function (index, callback) {","  throw new Error('Backend.nextJob is not implemented');","};","","// Lock a job, mark it as running by the given runner, update job status.","// uuid - the job uuid (String)","// runner_id - the runner identifier (String)","// callback - f(err, job) callback will be called with error if something","//            fails, otherwise it'll return the updated job using getJob.","WorkflowBackend.prototype.runJob = function (uuid, runner_id, callback) {","  throw new Error('Backend.runJob is not implemented');","};","","// Unlock the job, mark it as finished, update the status, add the results","// for every job's task.","// job - the job object. It'll be saved to the backend with the provided","//       properties.","// callback - f(err, job) callback will be called with error if something","//            fails, otherwise it'll return the updated job using getJob.","WorkflowBackend.prototype.finishJob = function (job, callback) {","  throw new Error('Backend.finishJob is not implemented');","};","","// Queue a job which has been running; i.e, due to whatever the reason,","// re-queue the job. It'll unlock the job, update the status, add the","// results for every finished task so far ...","// job - the job Object. It'll be saved to the backend with the provided","//       properties to ensure job status persistence.","// callback - f(err, job) callback will be called with error if something","//            fails, otherwise it'll return the updated job using getJob.","WorkflowBackend.prototype.queueJob = function (job, callback) {","  throw new Error('Backend.queueJob is not implemented');","};","","// Get the given number of queued jobs.","// - start - Integer - Position of the first job to retrieve","// - stop - Integer - Position of the last job to retrieve, _included_","// - callback - f(err, jobs)","WorkflowBackend.prototype.nextJobs = function (start, stop, callback) {","  throw new Error('Backend.nextJobs is not implemented');","};","","// Register a runner on the backend and report it's active:","// - runner_id - String, unique identifier for runner.","// - active_at - ISO String timestamp. Optional. If none is given, current time","// - callback - f(err)","WorkflowBackend.prototype.registerRunner = function (","  runner_id,","  active_at,","  callback",") {","  throw new Error('Backend.registerRunner is not implemented');","};","","// Report a runner remains active:","// - runner_id - String, unique identifier for runner. Required.","// - active_at - ISO String timestamp. Optional. If none is given, current time","// - callback - f(err)","WorkflowBackend.prototype.runnerActive = function (","  runner_id,","  active_at,","  callback",") {","  throw new Error('Backend.runnerActive is not implemented');","};","","// Get the given runner id details","// - runner_id - String, unique identifier for runner. Required.","// - callback - f(err, runner)","WorkflowBackend.prototype.getRunner = function (runner_id, callback) {","  throw new Error('Backend.getRunner is not implemented');","};","","// Get all the registered runners:","// - callback - f(err, runners)","WorkflowBackend.prototype.getRunners = function (callback) {","  throw new Error('Backend.getRunners is not implemented');","};","","// Set a runner as idle:","// - runner_id - String, unique identifier for runner","// - callback - f(err)","WorkflowBackend.prototype.idleRunner = function (runner_id, callback) {","  throw new Error('Backend.getRunners is not implemented');","};","","// Check if the given runner is idle","// - runner_id - String, unique identifier for runner","// - callback - f(boolean)","WorkflowBackend.prototype.isRunnerIdle = function (runner_id, callback) {","  throw new Error('Backend.isRunnerIdle is not implemented');","};","","// Remove idleness of the given runner","// - runner_id - String, unique identifier for runner","// - callback - f(err)","WorkflowBackend.prototype.wakeUpRunner = function (runner_id, callback) {","  throw new Error('Backend.isRunnerIdle is not implemented');","};","","// Get all jobs associated with the given runner_id","// - runner_id - String, unique identifier for runner","// - callback - f(err, jobs). `jobs` is an array of job's UUIDs.","//   Note `jobs` will be an array, even when empty.","WorkflowBackend.prototype.getRunnerJobs = function (runner_id, callback) {","  throw new Error('Backend.getRunnerJobs is not implemented');","};","","// Get all the workflows:","// - callback - f(err, workflows)","WorkflowBackend.prototype.getWorkflows = function (callback) {","  throw new Error('Backend.getWorkflows is not implemented');","};","","// Get all the jobs:","// - execution - String, the execution status for the jobs to return.","//               Return all jobs if no execution status is given.","// - callback - f(err, jobs)","WorkflowBackend.prototype.getJobs = function (execution, callback) {","  throw new Error('Backend.getJobs is not implemented');","};","","// Add progress information to an existing job:","// - uuid - String, the Job's UUID.","// - info - Object, {'key' => 'Value'}","// - callback - f(err)","WorkflowBackend.prototype.addInfo = function (uuid, info, callback) {","  throw new Error('Backend.addInfo is not implemented');","};","","// Get progress information from an existing job:","// - uuid - String, the Job's UUID.","// - callback - f(err, info)","WorkflowBackend.prototype.getInfo = function (uuid, callback) {","  throw new Error('Backend.getInfo is not implemented');","};",""],"l":{"5":1,"6":0,"9":1,"10":0,"13":1,"14":0,"19":1,"20":0,"25":1,"26":0,"30":1,"31":0,"36":1,"37":0,"43":1,"44":0,"50":1,"51":0,"60":1,"66":0,"71":1,"72":0,"80":1,"81":0,"88":1,"89":0,"99":1,"100":0,"108":1,"109":0,"118":1,"119":0,"129":1,"130":0,"137":1,"138":0,"145":1,"150":0,"157":1,"162":0,"168":1,"169":0,"174":1,"175":0,"181":1,"182":0,"188":1,"189":0,"195":1,"196":0,"203":1,"204":0,"209":1,"210":0,"217":1,"218":0,"225":1,"226":0,"232":1,"233":0}},"/home/travis/build/npmtest/node-npmtest-node-workflow/node_modules/node-workflow/lib/api.js":{"path":"/home/travis/build/npmtest/node-npmtest-node-workflow/node_modules/node-workflow/lib/api.js","s":{"1":2,"2":0,"3":0,"4":0,"5":0,"6":0,"7":0,"8":0,"9":0,"10":0,"11":0,"12":0,"13":0,"14":0,"15":0,"16":0,"17":0,"18":0,"19":0,"20":0,"21":0,"22":0,"23":0,"24":0,"25":0,"26":0,"27":0,"28":0,"29":0,"30":0,"31":0,"32":0,"33":0,"34":0,"35":0,"36":0,"37":0,"38":0,"39":0,"40":1,"41":0,"42":0,"43":0,"44":0,"45":0,"46":1,"47":0,"48":0,"49":0,"50":0,"51":0,"52":0,"53":0,"54":0,"55":0,"56":0,"57":0,"58":0,"59":0,"60":0,"61":0,"62":0,"63":0,"64":0,"65":0,"66":0,"67":0,"68":0,"69":0,"70":0,"71":0,"72":0,"73":0,"74":0,"75":0,"76":1,"77":0,"78":0,"79":0,"80":0,"81":0,"82":0,"83":0,"84":1,"85":0,"86":0,"87":0,"88":0,"89":0,"90":0,"91":0,"92":0,"93":0,"94":0,"95":0,"96":0,"97":0,"98":0,"99":0,"100":0,"101":0,"102":0,"103":1,"104":0,"105":0,"106":0,"107":0,"108":0,"109":0,"110":0,"111":0,"112":0,"113":0,"114":0,"115":0,"116":1,"117":0,"118":0,"119":0,"120":0,"121":0,"122":0,"123":0,"124":0,"125":0,"126":0,"127":1,"128":0,"129":0,"130":0,"131":0,"132":0,"133":0,"134":0,"135":0,"136":0,"137":0,"138":0,"139":0,"140":1,"141":0,"142":0,"143":0,"144":0,"145":0,"146":0,"147":0,"148":1,"149":0,"150":0,"151":0,"152":0,"153":0,"154":0,"155":0,"156":1,"157":0,"158":0,"159":0,"160":0,"161":0,"162":0,"163":0,"164":0,"165":0,"166":0,"167":0,"168":1,"169":0,"170":0,"171":0,"172":0,"173":0,"174":0,"175":0,"176":0,"177":0,"178":0,"179":0,"180":0,"181":0,"182":0,"183":0,"184":0,"185":0,"186":0,"187":0,"188":0,"189":0,"190":0,"191":0,"192":0,"193":0,"194":0,"195":0,"196":0,"197":0,"198":0,"199":0,"200":0,"201":0,"202":0,"203":0,"204":0},"b":{"1":[0,0],"2":[0,0],"3":[0,0],"4":[0,0],"5":[0,0],"6":[0,0],"7":[0,0],"8":[0,0],"9":[0,0],"10":[0,0],"11":[0,0],"12":[0,0],"13":[0,0],"14":[0,0],"15":[0,0],"16":[0,0],"17":[0,0],"18":[0,0],"19":[0,0],"20":[0,0],"21":[0,0],"22":[0,0],"23":[0,0],"24":[0,0],"25":[0,0],"26":[0,0],"27":[0,0],"28":[0,0],"29":[0,0],"30":[0,0],"31":[0,0],"32":[0,0],"33":[0,0],"34":[0,0],"35":[0,0],"36":[0,0],"37":[0,0],"38":[0,0],"39":[0,0],"40":[0,0],"41":[0,0],"42":[0,0],"43":[0,0],"44":[0,0],"45":[0,0],"46":[0,0],"47":[0,0],"48":[0,0],"49":[0,0]},"f":{"1":0,"2":0,"3":0,"4":0,"5":0,"6":0,"7":0,"8":0,"9":0,"10":0,"11":0,"12":0,"13":0,"14":0,"15":0,"16":0,"17":0,"18":0,"19":0,"20":0,"21":0,"22":0,"23":0,"24":0,"25":0,"26":0,"27":0,"28":0,"29":0,"30":0,"31":0,"32":0,"33":0,"34":0,"35":0},"fnMap":{"1":{"name":"(anonymous_1)","line":13,"loc":{"start":{"line":13,"column":27},"end":{"line":13,"column":43}}},"2":{"name":"listWorkflows","line":97,"loc":{"start":{"line":97,"column":2},"end":{"line":97,"column":41}}},"3":{"name":"(anonymous_3)","line":98,"loc":{"start":{"line":98,"column":25},"end":{"line":98,"column":51}}},"4":{"name":"postWorkflow","line":107,"loc":{"start":{"line":107,"column":2},"end":{"line":107,"column":40}}},"5":{"name":"(anonymous_5)","line":113,"loc":{"start":{"line":113,"column":23},"end":{"line":113,"column":36}}},"6":{"name":"(anonymous_6)","line":120,"loc":{"start":{"line":120,"column":29},"end":{"line":120,"column":53}}},"7":{"name":"(anonymous_7)","line":133,"loc":{"start":{"line":133,"column":31},"end":{"line":133,"column":55}}},"8":{"name":"(anonymous_8)","line":149,"loc":{"start":{"line":149,"column":38},"end":{"line":149,"column":61}}},"9":{"name":"getWorkflow","line":160,"loc":{"start":{"line":160,"column":2},"end":{"line":160,"column":39}}},"10":{"name":"(anonymous_10)","line":161,"loc":{"start":{"line":161,"column":41},"end":{"line":161,"column":66}}},"11":{"name":"updateWorkflow","line":176,"loc":{"start":{"line":176,"column":2},"end":{"line":176,"column":42}}},"12":{"name":"(anonymous_12)","line":180,"loc":{"start":{"line":180,"column":31},"end":{"line":180,"column":47}}},"13":{"name":"(anonymous_13)","line":188,"loc":{"start":{"line":188,"column":33},"end":{"line":188,"column":49}}},"14":{"name":"(anonymous_14)","line":199,"loc":{"start":{"line":199,"column":46},"end":{"line":199,"column":71}}},"15":{"name":"deleteWorkflow","line":213,"loc":{"start":{"line":213,"column":2},"end":{"line":213,"column":42}}},"16":{"name":"(anonymous_16)","line":214,"loc":{"start":{"line":214,"column":41},"end":{"line":214,"column":66}}},"17":{"name":"(anonymous_17)","line":223,"loc":{"start":{"line":223,"column":48},"end":{"line":223,"column":72}}},"18":{"name":"listJobs","line":240,"loc":{"start":{"line":240,"column":2},"end":{"line":240,"column":36}}},"19":{"name":"(anonymous_19)","line":243,"loc":{"start":{"line":243,"column":13},"end":{"line":243,"column":34}}},"20":{"name":"postJob","line":264,"loc":{"start":{"line":264,"column":2},"end":{"line":264,"column":35}}},"21":{"name":"(anonymous_21)","line":269,"loc":{"start":{"line":269,"column":36},"end":{"line":269,"column":49}}},"22":{"name":"(anonymous_22)","line":277,"loc":{"start":{"line":277,"column":21},"end":{"line":277,"column":44}}},"23":{"name":"getJob","line":288,"loc":{"start":{"line":288,"column":2},"end":{"line":288,"column":34}}},"24":{"name":"(anonymous_24)","line":289,"loc":{"start":{"line":289,"column":36},"end":{"line":289,"column":56}}},"25":{"name":"getInfo","line":304,"loc":{"start":{"line":304,"column":2},"end":{"line":304,"column":35}}},"26":{"name":"(anonymous_26)","line":305,"loc":{"start":{"line":305,"column":37},"end":{"line":305,"column":58}}},"27":{"name":"postInfo","line":319,"loc":{"start":{"line":319,"column":2},"end":{"line":319,"column":36}}},"28":{"name":"(anonymous_28)","line":321,"loc":{"start":{"line":321,"column":36},"end":{"line":321,"column":49}}},"29":{"name":"(anonymous_29)","line":326,"loc":{"start":{"line":326,"column":43},"end":{"line":326,"column":58}}},"30":{"name":"cancelJob","line":340,"loc":{"start":{"line":340,"column":2},"end":{"line":340,"column":37}}},"31":{"name":"(anonymous_31)","line":341,"loc":{"start":{"line":341,"column":36},"end":{"line":341,"column":56}}},"32":{"name":"(anonymous_32)","line":357,"loc":{"start":{"line":357,"column":10},"end":{"line":357,"column":25}}},"33":{"name":"(anonymous_33)","line":394,"loc":{"start":{"line":394,"column":21},"end":{"line":394,"column":41}}},"34":{"name":"(anonymous_34)","line":399,"loc":{"start":{"line":399,"column":20},"end":{"line":399,"column":32}}},"35":{"name":"(anonymous_35)","line":401,"loc":{"start":{"line":401,"column":37},"end":{"line":401,"column":49}}}},"statementMap":{"1":{"start":{"line":2,"column":0},"end":{"line":10,"column":46}},"2":{"start":{"line":13,"column":0},"end":{"line":391,"column":2}},"3":{"start":{"line":14,"column":2},"end":{"line":16,"column":3}},"4":{"start":{"line":15,"column":4},"end":{"line":15,"column":50}},"5":{"start":{"line":18,"column":2},"end":{"line":20,"column":3}},"6":{"start":{"line":19,"column":4},"end":{"line":19,"column":58}},"7":{"start":{"line":22,"column":2},"end":{"line":24,"column":3}},"8":{"start":{"line":23,"column":4},"end":{"line":23,"column":54}},"9":{"start":{"line":26,"column":2},"end":{"line":28,"column":3}},"10":{"start":{"line":27,"column":4},"end":{"line":27,"column":21}},"11":{"start":{"line":30,"column":2},"end":{"line":30,"column":36}},"12":{"start":{"line":31,"column":2},"end":{"line":35,"column":4}},"13":{"start":{"line":37,"column":2},"end":{"line":40,"column":5}},"14":{"start":{"line":42,"column":2},"end":{"line":42,"column":55}},"15":{"start":{"line":44,"column":2},"end":{"line":44,"column":50}},"16":{"start":{"line":45,"column":2},"end":{"line":45,"column":45}},"17":{"start":{"line":47,"column":2},"end":{"line":49,"column":3}},"18":{"start":{"line":48,"column":4},"end":{"line":48,"column":37}},"19":{"start":{"line":50,"column":2},"end":{"line":50,"column":19}},"20":{"start":{"line":52,"column":2},"end":{"line":52,"column":32}},"21":{"start":{"line":53,"column":2},"end":{"line":53,"column":47}},"22":{"start":{"line":54,"column":2},"end":
[...]
5},"end":{"line":436,"column":72}}]},"37":{"line":448,"type":"if","locations":[{"start":{"line":448,"column":2},"end":{"line":448,"column":2}},{"start":{"line":448,"column":2},"end":{"line":448,"column":2}}]},"38":{"line":490,"type":"if","locations":[{"start":{"line":490,"column":2},"end":{"line":490,"column":2}},{"start":{"line":490,"column":2},"end":{"line":490,"column":2}}]},"39":{"line":495,"type":"if","locations":[{"start":{"line":495,"column":9},"end":{"line":495,"column":9}},{"start":{"line":495,"column":9},"end":{"line":495,"column":9}}]},"40":{"line":515,"type":"if","locations":[{"start":{"line":515,"column":2},"end":{"line":515,"column":2}},{"start":{"line":515,"column":2},"end":{"line":515,"column":2}}]},"41":{"line":518,"type":"if","locations":[{"start":{"line":518,"column":4},"end":{"line":518,"column":4}},{"start":{"line":518,"column":4},"end":{"line":518,"column":4}}]},"42":{"line":533,"type":"if","locations":[{"start":{"line":533,"column":2},"end":{"line":533,"column":2}},{"start":{"line":533,"column":2},"end":{"line":533,"column":2}}]},"43":{"line":536,"type":"if","locations":[{"start":{"line":536,"column":4},"end":{"line":536,"column":4}},{"start":{"line":536,"column":4},"end":{"line":536,"column":4}}]}},"code":["// Copyright 2012 Pedro P. Candel <kusorbox@gmail.com>. All rights reserved.","","var util = require('util'),","    async = require('async'),","    WorkflowBackend = require('./workflow-backend');","","var sprintf = util.format;","","var Backend = module.exports = function (config) {","  WorkflowBackend.call(this);","  this.config = config;","  this.workflows = null;","  this.jobs = null;","  this.runners = null;","  this.queued_jobs = null;","};","","util.inherits(Backend, WorkflowBackend);","","// You'd think the language would provide this...","// This method assumes an acyclic graph.","var deepCopy = function (obj) {","  switch (typeof (obj)) {","  case 'object':","    if (obj === null) {","      return null;","    } else {","      var clone, i;","      if (typeof (obj.length) === 'number') {","        clone = [];","        for (i = obj.length - 1; i >= 0; i -= 1) {","          clone[i] = deepCopy(obj[i]);","        }","        return clone;","      } else {","        clone = {};","        for (i in obj) {","          clone[i] = deepCopy(obj[i]);","        }","      }","      return clone;","    }","  case 'string':","    return '' + obj;","  default:","    return obj;","  }","};","","Backend.prototype.init = function (callback) {","  var self = this;","  self.workflows = {};","  self.jobs = {};","  self.runners = {};","  self.queued_jobs = [];","  callback();","};","","// Callback - f(err);","Backend.prototype.quit = function (callback) {","  callback();","};","","","// workflow - Workflow object","// callback - f(err, workflow)","Backend.prototype.createWorkflow = function (workflow, callback) {","  var self = this;","  if (self._wfNames().indexOf(workflow.name) !== -1) {","    return callback('Workflow.name must be unique. A workflow with name \"' +","      workflow.name + '\" already exists');","  } else {","    self.workflows[workflow.uuid] = deepCopy(workflow);","    return callback(null, workflow);","  }","};","","","// uuid - Workflow.uuid","// callback - f(err, workflow)","Backend.prototype.getWorkflow = function (uuid, callback) {","  var self = this;","","  if (self.workflows[uuid]) {","    return callback(null, deepCopy(self.workflows[uuid]));","  } else {","    return callback(sprintf(","      'Workflow with uuid \\'%s\\' does not exist', uuid));","  }","};","","","// workflow - the workflow object","// callback - f(err, boolean)","Backend.prototype.deleteWorkflow = function (workflow, callback) {","  var self = this;","","  if (self.workflows[workflow.uuid]) {","    return callback(null, (delete self.workflows[workflow.uuid]));","  } else {","    return callback(null, false);","  }","};","","// workflow - update workflow object.","// callback - f(err, workflow)","Backend.prototype.updateWorkflow = function (workflow, callback) {","  var self = this;","  if (self.workflows[workflow.uuid]) {","    if (self._wfNames().indexOf(workflow.name) !== -1 &&","        self.workflows[workflow.uuid].name !== workflow.name) {","      return callback('Workflow.name must be unique. A workflow with name \"' +","        workflow.name + '\" already exists');","    } else {","      self.workflows[workflow.uuid] = deepCopy(workflow);","      return callback(null, workflow);","    }","  } else {","    return callback('Workflow does not exist. Cannot Update.');","  }","};","","","// job - Job object","// callback - f(err, job)","Backend.prototype.createJob = function (job, callback) {","  var self = this;","","  job.created_at = job.created_at || new Date().toISOString();","  self.jobs[job.uuid] = deepCopy(job);","  self.queued_jobs.push(job.uuid);","  return callback(null, job);","};","","","// uuid - Job.uuid","// callback - f(err, job)","Backend.prototype.getJob = function (uuid, callback) {","  var self = this;","","  if (self.jobs[uuid]) {","    return callback(null, deepCopy(self.jobs[uuid]));","  } else {","    return callback(sprintf(","      'Job with uuid \\'%s\\' does not exist', uuid));","  }","};","","","// Get a single job property","// uuid - Job uuid.","// prop - (String) property name","// cb - callback f(err, value)","Backend.prototype.getJobProperty = function (uuid, prop, cb) {","  var self = this;","","  if (self.jobs[uuid]) {","    return cb(null, self.jobs[uuid][prop]);","  } else {","    return cb(sprintf(","      'Job with uuid \\'%s\\' does not exist', uuid));","  }","};","","// job - the job object","// callback - f(err) called with error in case there is a duplicated","// job with the same target and same params","Backend.prototype.validateJobTarget = function (job, callback) {","  var self = this, filtered;","  // If no target is given, we don't care:","  if (!job.target) {","    return callback(null);","  }","","  if (self._jobTargets().indexOf(job.target) === -1) {","    return callback(null);","  }","","  filtered = Object.keys(self.jobs).filter(function (uuid) {","    return (","      uuid !== job.uuid &&","      self.jobs[uuid].target === job.target &&","      Object.keys(job.params).every(function (p) {","        return (self.jobs[uuid].params[p] &&","          self.jobs[uuid].params[p] === job.params[p]);","      }) &&","      (self.jobs[uuid].execution === 'queued' ||","       self.jobs[uuid].execution === 'running'));","  });","","  if (filtered.length !== 0) {","    return callback('Another job with the same target' +","      ' and params is already queued');","  } else {","    return callback(null);","  }","};","","","// Get the next queued job.","// index - Integer, optional. When given, it'll get the job at index position","//         (when not given, it'll return the job at position zero).","// callback - f(err, job)","Backend.prototype.nextJob = function (index, callback) {","  var self = this,","      slice = null;","","  if (typeof (index) === 'function') {","    callback = index;","    index = 0;","  }","","  if (self.queued_jobs.length === 0) {","    return callback(null, null);","  }","","  slice = self.queued_jobs.slice(index, index + 1);","","  if (slice.length === 0) {","    return callback(null, null);","  } else {","    return self.getJob(slice[0], callback);","  }","};","","// Lock a job, mark it as running by the given runner, update job status.","// uuid - the job uuid (String)","// runner_id - the runner identifier (String)","// callback - f(err, job) callback will be called with error if something","//            fails, otherwise it'll return the updated job using getJob.","Backend.prototype.runJob = function (uuid, runner_id, callback) {","  var self = this,","      idx = self.queued_jobs.indexOf(uuid);","  if (idx === -1) {","    return callback('Only queued jobs can be run');","  } else {","    self.queued_jobs.splice(idx, 1);","    self.jobs[uuid].runner_id = runner_id;","    self.jobs[uuid].execution = 'running';","    return callback(null, deepCopy(self.jobs[uuid]));","  }","};","","// Unlock the job, mark it as finished, update the status, add the results","// for every job's task.","// job - the job object. It'll be saved to the backend with the provided","//       properties.","// callback - f(err, job) callback will be called with error if something","//            fails, otherwise it'll return the updated job using getJob.","Backend.prototype.finishJob = function (job, callback) {","  var self = this;","  if (!self.jobs[job.uuid]) {","    return callback(sprintf('Job with uuid \\'%s\\' does not exist', job.uuid));","  } else if (self.jobs[job.uuid].execution !== 'running' &&","      self.jobs[job.uuid].execution !== 'canceled') {","    return callback('Only running jobs can be finished');","  } else {","    if (job.execution === 'running') {","      job.execution = 'succeeded';","    }","    job.runner_id = null;","    self.jobs[job.uuid] = deepCopy(job);","    return callback(null, job);","  }","};","","","// Update the job while it is running with information regarding progress","// job - the job object. It'll be saved to the backend with the provided","//       properties.","// callback - f(err, job) callback will be called with error if something","//            fails, otherwise it'll return the updated job using getJob.","Backend.prototype.updateJob = function (job, callback) {","  var self = this;","","  if (!self.jobs[job.uuid]) {","    return callback(sprintf('Job with uuid \\'%s\\' does not exist', job.uuid));","  } else {","    self.jobs[job.uuid] = deepCopy(job);","    return callback(null, job);","  }","};","","// Update only the given Job property. Intendeed to prevent conflicts with","// two sources updating the same job at the same time, but different properties","// uuid - the job's uuid","// prop - the name of the property to update","// val - value to assign to such property","// callback - f(err) called with error if something fails, otherwise with null.","Backend.prototype.updateJobProperty = function (","  uuid,","  prop,","  val,","  callback)","{","","  var self = this;","","  if (!self.jobs[uuid]) {","    return callback(sprintf('Job with uuid \\'%s\\' does not exist', uuid));","  } else {","    self.jobs[uuid][prop] = val;","    return callback(null);","  }","};","","","// Queue a job which has been running; i.e, due to whatever the reason,","// re-queue the job. It'll unlock the job, update the status, add the","// results for every finished task so far ...","// job - the job Object. It'll be saved to the backend with the provided","//       properties to ensure job status persistence.","// callback - f(err, job) callback will be called with error if something","//            fails, otherwise it'll return the updated job using getJob.","Backend.prototype.queueJob = function (job, callback) {","  var self = this;","","  if (!self.jobs[job.uuid]) {","    return callback(sprintf('Job with uuid \\'%s\\' does not exist', job.uuid));","  } else if (self.jobs[job.uuid].execution !== 'running') {","    return callback('Only running jobs can be queued again');","  } else {","    job.runner_id = null;","    job.execution = 'queued';","    self.jobs[job.uuid] = deepCopy(job);","    self.queued_jobs.push(job.uuid);","    return callback(null, job);","  }","};","","","// Get the given number of queued jobs uuids.","// - start - Integer - Position of the first job to retrieve","// - stop - Integer - Position of the last job to retrieve, _included_","// - callback - f(err, jobs)","Backend.prototype.nextJobs = function (start, stop, callback) {","  var self = this,","      slice = [];","","  if (self.queued_jobs.length === 0) {","    return callback(null, null);","  }","","  slice = self.queued_jobs.slice(start, stop + 1);","","  if (slice.length === 0) {","    return callback(null, null);","  } else {","    return callback(null, slice);","  }","};","","","// Register a runner on the backend and report it's active:","// - runner_id - String, unique identifier for runner.","// - active_at - ISO String timestamp. Optional. If none is given, current time","// - callback - f(err)","Backend.prototype.registerRunner = function (","  runner_id,","  active_at,","  callback",") {","  var self = this;","  if (typeof (active_at) === 'function') {","    callback = active_at;","    active_at = new Date();","  }","  self.runners[runner_id] = {","    runner_id: runner_id,","    active_at: active_at,","    idle: false","  };","  return callback(null);","};","","// Report a runner remains active:","// - runner_id - String, unique identifier for runner. Required.","// - active_at - ISO String timestamp. Optional. If none is given, current time","// - callback - f(err)","Backend.prototype.runnerActive = function (","  runner_id,","  active_at,","  callback",") {","  var self = this;","  return self.registerRunner(runner_id, active_at, callback);","};","","// Get the given runner id details","// - runner_id - String, unique identifier for runner. Required.","// - callback - f(err, runner)","Backend.prototype.getRunner = function (runner_id, callback) {","  var self = this;","  if (!self.runners[runner_id]) {","    return callback(sprintf(","      'Runner with uuid \\'%s\\' does not exist', runner_id));","  } else {","    return callback(null, self.runners[runner_id].active_at);","  }","};","","","// Get all the registered runners:","// - callback - f(err, runners)","Backend.prototype.getRunners = function (callback) {","  var self = this,","      theRunners = {};","","  Object.keys(self.runners).forEach(function (uuid) {","    theRunners[uuid] = self.runners[uuid].active_at;","  });","","  return callback(null, theRunners);","};","","// Set a runner as idle:","// - runner_id - String, unique identifier for runner","// - callback - f(err)","Backend.prototype.idleRunner = function (runner_id, callback) {","  var self = this;","  if (!self.runners[runner_id]) {","    return callback(sprintf(","      'Runner with uuid \\'%s\\' does not exist', runner_id));","  } else {","    self.runners[runner_id].idle = true;","    return callback(null);","  }","","};","","// Check if the given runner is idle","// - runner_id - String, unique identifier for runner","// - callback - f(boolean)","Backend.prototype.isRunnerIdle = function (runner_id, callback) {","  var self = this;","  if (!self.runners[runner_id] || (self.runners[runner_id].idle === true)) {","    return callback(true);","  } else {","    return callback(false);","  }","};","","// Remove idleness of the given runner","// - runner_id - String, unique identifier for runner","// - callback - f(err)","Backend.prototype.wakeUpRunner = function (runner_id, callback) {","  var self = this;","  if (!self.runners[runner_id]) {","    return callback(sprintf(","      'Runner with uuid \\'%s\\' does not exist', runner_id));","  } else {","    self.runners[runner_id].idle = false;","    return callback(null);","  }","};","","// Get all jobs associated with the given runner_id","// - runner_id - String, unique identifier for runner","// - callback - f(err, jobs). `jobs` is an array of job's UUIDs.","//   Note `jobs` will be an array, even when empty.","Backend.prototype.getRunnerJobs = function (runner_id, callback) {","  var self = this,","      wf_runner_jobs = Object.keys(self.jobs).filter(function (uuid) {","        return self.jobs[uuid].runner_id === runner_id;","      });","","  return callback(null, wf_runner_jobs);","};","","","// Get all the workflows:","// - callback - f(err, workflows)","Backend.prototype.getWorkflows = function (callback) {","  var self = this;","","  return callback(null, Object.keys(self.workflows).map(function (uuid) {","    return deepCopy(self.workflows[uuid]);","  }));","};","","","// Get all the jobs:","// - execution - String, the execution status for the jobs to return.","//               Return all jobs if no execution status is given.","// - callback - f(err, jobs)","Backend.prototype.getJobs = function (execution, callback) {","  var self = this,","      executions = ['queued', 'failed', 'succeeded', 'canceled', 'running'];","","  if (typeof (execution) === 'function') {","    callback = execution;","    return callback(null, Object.keys(self.jobs).map(function (uuid) {","      return deepCopy(self.jobs[uuid]);","    }));","  } else if (executions.indexOf(execution) === -1) {","    return callback('excution is required and must be one of \"' +","      executions.join('\", \"') + '\"');","  } else {","    return callback(null, Object.keys(self.jobs).filter(function (uuid) {","      return self.jobs[uuid].execution === execution;","    }).map(function (uuid) {","      return deepCopy(self.jobs[uuid]);","    }));","  }","};","","","// Add progress information to an existing job:","// - uuid - String, the Job's UUID.","// - info - Object, {'key' => 'Value'}","// - callback - f(err)","Backend.prototype.addInfo = function (uuid, info, callback) {","  var self = this;","","  if (!self.jobs[uuid]) {","    return callback('Job does not exist. Cannot Update.');","  } else {","    if (!util.isArray(self.jobs[uuid].info)) {","      self.jobs[uuid].info = [];","    }","    self.jobs[uuid].info.push(info);","    return callback(null);","  }","};","","","// Get progress information from an existing job:","// - uuid - String, the Job's UUID.","// - callback - f(err, info)","Backend.prototype.getInfo = function (uuid, callback) {","  var self = this;","","  if (!self.jobs[uuid]) {","    return callback('Job does not exist. Cannot get info.');","  } else {","    if (!util.isArray(self.jobs[uuid].info)) {","      self.jobs[uuid].info = [];","    }","    return callback(null, deepCopy(self.jobs[uuid].info));","  }","};","","","Backend.prototype._wfNames = function () {","  var self = this,","  wf_names = Object.keys(self.workflows).map(function (uuid) {","    return self.workflows[uuid].name;","  });","  return wf_names;","};","","Backend.prototype._jobTargets = function () {","  var self = this,","  wf_job_targets = Object.keys(self.jobs).map(function (uuid) {","    return self.jobs[uuid].target;","  });","  return wf_job_targets;","};",""],"l":{"3":1,"7":1,"9":1,"10":0,"11":0,"12":0,"13":0,"14":0,"15":0,"18":1,"22":1,"23":0,"25":0,"26":0,"28":0,"29":0,"30":0,"31":0,"32":0,"34":0,"36":0,"37":0,"38":0,"41":0,"44":0,"46":0,"50":1,"51":0,"52":0,"53":0,"54":0,"55":0,"56":0,"60":1,"61":0,"67":1,"68":0,"69":0,"70":0,"73":0,"74":0,"81":1,"82":0,"84":0,"85":0,"87":0,"95":1,"96":0,"98":0,"99":0,"101":0,"107":1,"108":0,"109":0,"110":0,"112":0,"115":0,"116":0,"119":0,"126":1,"127":0,"129":0,"130":0,"131":0,"132":0,"138":1,"139":0,"141":0,"142":0,"144":0,"154":1,"155":0,"157":0,"158":0,"160":0,"168":1,"169":0,"171":0,"172":0,"175":0,"176":0,"179":0,"180":0,"184":0,"191":0,"192":0,"195":0,"204":1,"205":0,"208":0,"209":0,"210":0,"213":0,"214":0,"217":0,"219":0,"220":0,"222":0,"231":1,"232":0,"234":0,"235":0,"237":0,"238":0,"239":0,"240":0,"250":1,"251":0,"252":0,"253":0,"254":0,"256":0,"258":0,"259":0,"261":0,"262":0,"263":0,"273":1,"274":0,"276":0,"277":0,"279":0,"280":0,"290":1,"297":0,"299":0,"300":0,"302":0,"303":0,"315":1,"316":0,"318":0,"319":0,"320":0,"321":0,"323":0,"324":0,"325":0,"326":0,"327":0,"336":1,"337":0,"340":0,"341":0,"344":0,"346":0,"347":0,"349":0,"358":1,"363":0,"364":0,"365":0,"366":0,"368":0,"373":0,"380":1,"385":0,"386":0,"392":1,"393":0,"394":0,"395":0,"398":0,"405":1,"406":0,"409":0,"410":0,"413":0,"419":1,"420":0,"421":0,"422":0,"425":0,"426":0,"434":1,"435":0,"436":0,"437":0,"439":0,"446":1,"447":0,"448":0,"449":0,"452":0,"453":0,"461":1,"462":0,"464":0,"467":0,"473":1,"474":0,"476":0,"477":0,"486":1,"487":0,"490":0,"491":0,"492":0,"493":0,"495":0,"496":0,"499":0,"500":0,"502":0,"512":1,"513":0,"515":0,"516":0,"518":0,"519":0,"521":0,"522":0,"530":1,"531":0,"533":0,"534":0,"536":0,"537":0,"539":0,"544":1,"545":0,"547":0,"549":0,"552":1,"553":0,"555":0,"557":0}}}